[0.101s] DEBUG:colcon:Command line arguments: ['/usr/bin/colcon', 'build', '--packages-select', 'testbed_navigation']
[0.101s] DEBUG:colcon:Parsed command line arguments: Namespace(log_base=None, log_level=None, verb_name='build', build_base='build', install_base='install', merge_install=False, symlink_install=False, test_result_base=None, continue_on_error=False, executor='parallel', parallel_workers=12, event_handlers=None, ignore_user_meta=False, metas=['./colcon.meta'], base_paths=['.'], packages_ignore=None, packages_ignore_regex=None, paths=None, packages_up_to=None, packages_up_to_regex=None, packages_above=None, packages_above_and_dependencies=None, packages_above_depth=None, packages_select_by_dep=None, packages_skip_by_dep=None, packages_skip_up_to=None, packages_select_build_failed=False, packages_skip_build_finished=False, packages_select_test_failures=False, packages_skip_test_passed=False, packages_select=['testbed_navigation'], packages_skip=None, packages_select_regex=None, packages_skip_regex=None, packages_start=None, packages_end=None, allow_overriding=[], cmake_args=None, cmake_target=None, cmake_target_skip_unavailable=False, cmake_clean_cache=False, cmake_clean_first=False, cmake_force_configure=False, ament_cmake_args=None, catkin_cmake_args=None, catkin_skip_building_tests=False, verb_parser=<colcon_defaults.argument_parser.defaults.DefaultArgumentsDecorator object at 0x7f78041fc520>, verb_extension=<colcon_core.verb.build.BuildVerb object at 0x7f7804179120>, main=<bound method BuildVerb.main of <colcon_core.verb.build.BuildVerb object at 0x7f7804179120>>)
[0.276s] Level 1:colcon.colcon_core.package_discovery:discover_packages(colcon_meta) check parameters
[0.276s] Level 1:colcon.colcon_core.package_discovery:discover_packages(recursive) check parameters
[0.276s] Level 1:colcon.colcon_core.package_discovery:discover_packages(ignore) check parameters
[0.276s] Level 1:colcon.colcon_core.package_discovery:discover_packages(path) check parameters
[0.276s] Level 1:colcon.colcon_core.package_discovery:discover_packages(colcon_meta) discover
[0.277s] Level 1:colcon.colcon_core.package_discovery:discover_packages(recursive) discover
[0.277s] INFO:colcon.colcon_core.package_discovery:Crawling recursively for packages in '/home/rahul/assignment_ws'
[0.277s] Level 1:colcon.colcon_core.package_identification:_identify(.) by extensions ['ignore', 'ignore_ament_install']
[0.277s] Level 1:colcon.colcon_core.package_identification:_identify(.) by extension 'ignore'
[0.277s] Level 1:colcon.colcon_core.package_identification:_identify(.) by extension 'ignore_ament_install'
[0.277s] Level 1:colcon.colcon_core.package_identification:_identify(.) by extensions ['colcon_pkg']
[0.277s] Level 1:colcon.colcon_core.package_identification:_identify(.) by extension 'colcon_pkg'
[0.277s] Level 1:colcon.colcon_core.package_identification:_identify(.) by extensions ['colcon_meta']
[0.277s] Level 1:colcon.colcon_core.package_identification:_identify(.) by extension 'colcon_meta'
[0.277s] Level 1:colcon.colcon_core.package_identification:_identify(.) by extensions ['ros']
[0.277s] Level 1:colcon.colcon_core.package_identification:_identify(.) by extension 'ros'
[0.286s] Level 1:colcon.colcon_core.package_identification:_identify(.) by extensions ['cmake', 'python']
[0.286s] Level 1:colcon.colcon_core.package_identification:_identify(.) by extension 'cmake'
[0.287s] Level 1:colcon.colcon_core.package_identification:_identify(.) by extension 'python'
[0.287s] Level 1:colcon.colcon_core.package_identification:_identify(.) by extensions ['python_setup_py']
[0.287s] Level 1:colcon.colcon_core.package_identification:_identify(.) by extension 'python_setup_py'
[0.287s] Level 1:colcon.colcon_core.package_identification:_identify(build) by extensions ['ignore', 'ignore_ament_install']
[0.287s] Level 1:colcon.colcon_core.package_identification:_identify(build) by extension 'ignore'
[0.287s] Level 1:colcon.colcon_core.package_identification:_identify(build) ignored
[0.287s] Level 1:colcon.colcon_core.package_identification:_identify(install) by extensions ['ignore', 'ignore_ament_install']
[0.287s] Level 1:colcon.colcon_core.package_identification:_identify(install) by extension 'ignore'
[0.287s] Level 1:colcon.colcon_core.package_identification:_identify(install) ignored
[0.287s] Level 1:colcon.colcon_core.package_identification:_identify(log) by extensions ['ignore', 'ignore_ament_install']
[0.287s] Level 1:colcon.colcon_core.package_identification:_identify(log) by extension 'ignore'
[0.287s] Level 1:colcon.colcon_core.package_identification:_identify(log) ignored
[0.287s] Level 1:colcon.colcon_core.package_identification:_identify(src) by extensions ['ignore', 'ignore_ament_install']
[0.287s] Level 1:colcon.colcon_core.package_identification:_identify(src) by extension 'ignore'
[0.287s] Level 1:colcon.colcon_core.package_identification:_identify(src) by extension 'ignore_ament_install'
[0.287s] Level 1:colcon.colcon_core.package_identification:_identify(src) by extensions ['colcon_pkg']
[0.287s] Level 1:colcon.colcon_core.package_identification:_identify(src) by extension 'colcon_pkg'
[0.288s] Level 1:colcon.colcon_core.package_identification:_identify(src) by extensions ['colcon_meta']
[0.288s] Level 1:colcon.colcon_core.package_identification:_identify(src) by extension 'colcon_meta'
[0.288s] Level 1:colcon.colcon_core.package_identification:_identify(src) by extensions ['ros']
[0.288s] Level 1:colcon.colcon_core.package_identification:_identify(src) by extension 'ros'
[0.288s] Level 1:colcon.colcon_core.package_identification:_identify(src) by extensions ['cmake', 'python']
[0.288s] Level 1:colcon.colcon_core.package_identification:_identify(src) by extension 'cmake'
[0.288s] Level 1:colcon.colcon_core.package_identification:_identify(src) by extension 'python'
[0.288s] Level 1:colcon.colcon_core.package_identification:_identify(src) by extensions ['python_setup_py']
[0.288s] Level 1:colcon.colcon_core.package_identification:_identify(src) by extension 'python_setup_py'
[0.288s] Level 1:colcon.colcon_core.package_identification:_identify(src/l1-ros-internship-assignment-rahulrajak6942) by extensions ['ignore', 'ignore_ament_install']
[0.288s] Level 1:colcon.colcon_core.package_identification:_identify(src/l1-ros-internship-assignment-rahulrajak6942) by extension 'ignore'
[0.288s] Level 1:colcon.colcon_core.package_identification:_identify(src/l1-ros-internship-assignment-rahulrajak6942) by extension 'ignore_ament_install'
[0.288s] Level 1:colcon.colcon_core.package_identification:_identify(src/l1-ros-internship-assignment-rahulrajak6942) by extensions ['colcon_pkg']
[0.288s] Level 1:colcon.colcon_core.package_identification:_identify(src/l1-ros-internship-assignment-rahulrajak6942) by extension 'colcon_pkg'
[0.288s] Level 1:colcon.colcon_core.package_identification:_identify(src/l1-ros-internship-assignment-rahulrajak6942) by extensions ['colcon_meta']
[0.288s] Level 1:colcon.colcon_core.package_identification:_identify(src/l1-ros-internship-assignment-rahulrajak6942) by extension 'colcon_meta'
[0.288s] Level 1:colcon.colcon_core.package_identification:_identify(src/l1-ros-internship-assignment-rahulrajak6942) by extensions ['ros']
[0.288s] Level 1:colcon.colcon_core.package_identification:_identify(src/l1-ros-internship-assignment-rahulrajak6942) by extension 'ros'
[0.288s] Level 1:colcon.colcon_core.package_identification:_identify(src/l1-ros-internship-assignment-rahulrajak6942) by extensions ['cmake', 'python']
[0.288s] Level 1:colcon.colcon_core.package_identification:_identify(src/l1-ros-internship-assignment-rahulrajak6942) by extension 'cmake'
[0.288s] Level 1:colcon.colcon_core.package_identification:_identify(src/l1-ros-internship-assignment-rahulrajak6942) by extension 'python'
[0.288s] Level 1:colcon.colcon_core.package_identification:_identify(src/l1-ros-internship-assignment-rahulrajak6942) by extensions ['python_setup_py']
[0.288s] Level 1:colcon.colcon_core.package_identification:_identify(src/l1-ros-internship-assignment-rahulrajak6942) by extension 'python_setup_py'
[0.288s] Level 1:colcon.colcon_core.package_identification:_identify(src/l1-ros-internship-assignment-rahulrajak6942/testbed_bringup) by extensions ['ignore', 'ignore_ament_install']
[0.289s] Level 1:colcon.colcon_core.package_identification:_identify(src/l1-ros-internship-assignment-rahulrajak6942/testbed_bringup) by extension 'ignore'
[0.289s] Level 1:colcon.colcon_core.package_identification:_identify(src/l1-ros-internship-assignment-rahulrajak6942/testbed_bringup) by extension 'ignore_ament_install'
[0.289s] Level 1:colcon.colcon_core.package_identification:_identify(src/l1-ros-internship-assignment-rahulrajak6942/testbed_bringup) by extensions ['colcon_pkg']
[0.289s] Level 1:colcon.colcon_core.package_identification:_identify(src/l1-ros-internship-assignment-rahulrajak6942/testbed_bringup) by extension 'colcon_pkg'
[0.289s] Level 1:colcon.colcon_core.package_identification:_identify(src/l1-ros-internship-assignment-rahulrajak6942/testbed_bringup) by extensions ['colcon_meta']
[0.289s] Level 1:colcon.colcon_core.package_identification:_identify(src/l1-ros-internship-assignment-rahulrajak6942/testbed_bringup) by extension 'colcon_meta'
[0.289s] Level 1:colcon.colcon_core.package_identification:_identify(src/l1-ros-internship-assignment-rahulrajak6942/testbed_bringup) by extensions ['ros']
[0.289s] Level 1:colcon.colcon_core.package_identification:_identify(src/l1-ros-internship-assignment-rahulrajak6942/testbed_bringup) by extension 'ros'
[0.291s] DEBUG:colcon.colcon_core.package_identification:Package 'src/l1-ros-internship-assignment-rahulrajak6942/testbed_bringup' with type 'ros.ament_cmake' and name 'testbed_bringup'
[0.292s] Level 1:colcon.colcon_core.package_identification:_identify(src/l1-ros-internship-assignment-rahulrajak6942/testbed_description) by extensions ['ignore', 'ignore_ament_install']
[0.292s] Level 1:colcon.colcon_core.package_identification:_identify(src/l1-ros-internship-assignment-rahulrajak6942/testbed_description) by extension 'ignore'
[0.292s] Level 1:colcon.colcon_core.package_identification:_identify(src/l1-ros-internship-assignment-rahulrajak6942/testbed_description) by extension 'ignore_ament_install'
[0.292s] Level 1:colcon.colcon_core.package_identification:_identify(src/l1-ros-internship-assignment-rahulrajak6942/testbed_description) by extensions ['colcon_pkg']
[0.292s] Level 1:colcon.colcon_core.package_identification:_identify(src/l1-ros-internship-assignment-rahulrajak6942/testbed_description) by extension 'colcon_pkg'
[0.292s] Level 1:colcon.colcon_core.package_identification:_identify(src/l1-ros-internship-assignment-rahulrajak6942/testbed_description) by extensions ['colcon_meta']
[0.292s] Level 1:colcon.colcon_core.package_identification:_identify(src/l1-ros-internship-assignment-rahulrajak6942/testbed_description) by extension 'colcon_meta'
[0.292s] Level 1:colcon.colcon_core.package_identification:_identify(src/l1-ros-internship-assignment-rahulrajak6942/testbed_description) by extensions ['ros']
[0.292s] Level 1:colcon.colcon_core.package_identification:_identify(src/l1-ros-internship-assignment-rahulrajak6942/testbed_description) by extension 'ros'
[0.292s] DEBUG:colcon.colcon_core.package_identification:Package 'src/l1-ros-internship-assignment-rahulrajak6942/testbed_description' with type 'ros.ament_cmake' and name 'testbed_description'
[0.293s] Level 1:colcon.colcon_core.package_identification:_identify(src/l1-ros-internship-assignment-rahulrajak6942/testbed_gazebo) by extensions ['ignore', 'ignore_ament_install']
[0.293s] Level 1:colcon.colcon_core.package_identification:_identify(src/l1-ros-internship-assignment-rahulrajak6942/testbed_gazebo) by extension 'ignore'
[0.293s] Level 1:colcon.colcon_core.package_identification:_identify(src/l1-ros-internship-assignment-rahulrajak6942/testbed_gazebo) by extension 'ignore_ament_install'
[0.293s] Level 1:colcon.colcon_core.package_identification:_identify(src/l1-ros-internship-assignment-rahulrajak6942/testbed_gazebo) by extensions ['colcon_pkg']
[0.293s] Level 1:colcon.colcon_core.package_identification:_identify(src/l1-ros-internship-assignment-rahulrajak6942/testbed_gazebo) by extension 'colcon_pkg'
[0.293s] Level 1:colcon.colcon_core.package_identification:_identify(src/l1-ros-internship-assignment-rahulrajak6942/testbed_gazebo) by extensions ['colcon_meta']
[0.293s] Level 1:colcon.colcon_core.package_identification:_identify(src/l1-ros-internship-assignment-rahulrajak6942/testbed_gazebo) by extension 'colcon_meta'
[0.293s] Level 1:colcon.colcon_core.package_identification:_identify(src/l1-ros-internship-assignment-rahulrajak6942/testbed_gazebo) by extensions ['ros']
[0.293s] Level 1:colcon.colcon_core.package_identification:_identify(src/l1-ros-internship-assignment-rahulrajak6942/testbed_gazebo) by extension 'ros'
[0.293s] DEBUG:colcon.colcon_core.package_identification:Package 'src/l1-ros-internship-assignment-rahulrajak6942/testbed_gazebo' with type 'ros.ament_cmake' and name 'testbed_gazebo'
[0.293s] Level 1:colcon.colcon_core.package_identification:_identify(src/testbed_navigation) by extensions ['ignore', 'ignore_ament_install']
[0.294s] Level 1:colcon.colcon_core.package_identification:_identify(src/testbed_navigation) by extension 'ignore'
[0.294s] Level 1:colcon.colcon_core.package_identification:_identify(src/testbed_navigation) by extension 'ignore_ament_install'
[0.294s] Level 1:colcon.colcon_core.package_identification:_identify(src/testbed_navigation) by extensions ['colcon_pkg']
[0.294s] Level 1:colcon.colcon_core.package_identification:_identify(src/testbed_navigation) by extension 'colcon_pkg'
[0.294s] Level 1:colcon.colcon_core.package_identification:_identify(src/testbed_navigation) by extensions ['colcon_meta']
[0.294s] Level 1:colcon.colcon_core.package_identification:_identify(src/testbed_navigation) by extension 'colcon_meta'
[0.294s] Level 1:colcon.colcon_core.package_identification:_identify(src/testbed_navigation) by extensions ['ros']
[0.294s] Level 1:colcon.colcon_core.package_identification:_identify(src/testbed_navigation) by extension 'ros'
[0.295s] DEBUG:colcon.colcon_core.package_identification:Package 'src/testbed_navigation' with type 'ros.ament_cmake' and name 'testbed_navigation'
[0.295s] Level 1:colcon.colcon_core.package_discovery:discover_packages(recursive) using defaults
[0.296s] Level 1:colcon.colcon_core.package_discovery:discover_packages(ignore) discover
[0.296s] Level 1:colcon.colcon_core.package_discovery:discover_packages(ignore) using defaults
[0.296s] Level 1:colcon.colcon_core.package_discovery:discover_packages(path) discover
[0.296s] Level 1:colcon.colcon_core.package_discovery:discover_packages(path) using defaults
[0.327s] INFO:colcon.colcon_core.package_selection:Skipping not selected package 'testbed_bringup' in 'src/l1-ros-internship-assignment-rahulrajak6942/testbed_bringup'
[0.327s] INFO:colcon.colcon_core.package_selection:Skipping not selected package 'testbed_description' in 'src/l1-ros-internship-assignment-rahulrajak6942/testbed_description'
[0.327s] INFO:colcon.colcon_core.package_selection:Skipping not selected package 'testbed_gazebo' in 'src/l1-ros-internship-assignment-rahulrajak6942/testbed_gazebo'
[0.327s] Level 1:colcon.colcon_core.package_discovery:discover_packages(prefix_path) check parameters
[0.327s] Level 1:colcon.colcon_core.package_discovery:discover_packages(prefix_path) discover
[0.330s] DEBUG:colcon.colcon_installed_package_information.package_discovery:Found 4 installed packages in /home/rahul/assignment_ws/install
[0.331s] DEBUG:colcon.colcon_installed_package_information.package_discovery:Found 39 installed packages in /home/rahul/microros_ws/install
[0.333s] DEBUG:colcon.colcon_installed_package_information.package_discovery:Found 369 installed packages in /opt/ros/humble
[0.336s] Level 1:colcon.colcon_core.package_discovery:discover_packages(prefix_path) using defaults
[0.376s] Level 5:colcon.colcon_core.verb:set package 'testbed_navigation' build argument 'cmake_args' from command line to 'None'
[0.376s] Level 5:colcon.colcon_core.verb:set package 'testbed_navigation' build argument 'cmake_target' from command line to 'None'
[0.376s] Level 5:colcon.colcon_core.verb:set package 'testbed_navigation' build argument 'cmake_target_skip_unavailable' from command line to 'False'
[0.376s] Level 5:colcon.colcon_core.verb:set package 'testbed_navigation' build argument 'cmake_clean_cache' from command line to 'False'
[0.376s] Level 5:colcon.colcon_core.verb:set package 'testbed_navigation' build argument 'cmake_clean_first' from command line to 'False'
[0.376s] Level 5:colcon.colcon_core.verb:set package 'testbed_navigation' build argument 'cmake_force_configure' from command line to 'False'
[0.377s] Level 5:colcon.colcon_core.verb:set package 'testbed_navigation' build argument 'ament_cmake_args' from command line to 'None'
[0.377s] Level 5:colcon.colcon_core.verb:set package 'testbed_navigation' build argument 'catkin_cmake_args' from command line to 'None'
[0.377s] Level 5:colcon.colcon_core.verb:set package 'testbed_navigation' build argument 'catkin_skip_building_tests' from command line to 'False'
[0.377s] DEBUG:colcon.colcon_core.verb:Building package 'testbed_navigation' with the following arguments: {'ament_cmake_args': None, 'build_base': '/home/rahul/assignment_ws/build/testbed_navigation', 'catkin_cmake_args': None, 'catkin_skip_building_tests': False, 'cmake_args': None, 'cmake_clean_cache': False, 'cmake_clean_first': False, 'cmake_force_configure': False, 'cmake_target': None, 'cmake_target_skip_unavailable': False, 'install_base': '/home/rahul/assignment_ws/install/testbed_navigation', 'merge_install': False, 'path': '/home/rahul/assignment_ws/src/testbed_navigation', 'symlink_install': False, 'test_result_base': None}
[0.377s] INFO:colcon.colcon_core.executor:Executing jobs using 'parallel' executor
[0.378s] DEBUG:colcon.colcon_parallel_executor.executor.parallel:run_until_complete
[0.378s] INFO:colcon.colcon_ros.task.ament_cmake.build:Building ROS package in '/home/rahul/assignment_ws/src/testbed_navigation' with build type 'ament_cmake'
[0.378s] INFO:colcon.colcon_cmake.task.cmake.build:Building CMake package in '/home/rahul/assignment_ws/src/testbed_navigation'
[0.380s] INFO:colcon.colcon_core.plugin_system:Skipping extension 'colcon_core.shell.bat': Not used on non-Windows systems
[0.380s] INFO:colcon.colcon_core.shell:Skip shell extension 'powershell' for command environment: Not usable outside of PowerShell
[0.381s] DEBUG:colcon.colcon_core.shell:Skip shell extension 'dsv' for command environment
[0.385s] DEBUG:colcon.colcon_core.shell:Ignoring prefix path '/home/rahul/catkin_ws/devel'
[0.399s] DEBUG:colcon.colcon_core.event_handler.log_command:Invoking command in '/home/rahul/assignment_ws/build/testbed_navigation': CMAKE_PREFIX_PATH=/home/rahul/assignment_ws/install/testbed_navigation:/home/rahul/assignment_ws/install/testbed_gazebo:/home/rahul/assignment_ws/install/testbed_description:/home/rahul/assignment_ws/install/testbed_bringup:/home/rahul/microros_ws/install/micro_ros_demos_rclc:/home/rahul/microros_ws/install/common_interfaces:/home/rahul/microros_ws/install/visualization_msgs:/home/rahul/microros_ws/install/test_msgs:/home/rahul/microros_ws/install/example_interfaces:/home/rahul/microros_ws/install/action_msgs:/home/rahul/microros_ws/install/unique_identifier_msgs:/home/rahul/microros_ws/install/trajectory_msgs:/home/rahul/microros_ws/install/stereo_msgs:/home/rahul/microros_ws/install/std_srvs:/home/rahul/microros_ws/install/shape_msgs:/home/rahul/microros_ws/install/sensor_msgs:/home/rahul/microros_ws/install/nav_msgs:/home/rahul/microros_ws/install/diagnostic_msgs:/home/rahul/microros_ws/install/geometry_msgs:/home/rahul/microros_ws/install/actionlib_msgs:/home/rahul/microros_ws/install/std_msgs:/home/rahul/microros_ws/install/statistics_msgs:/home/rahul/microros_ws/install/rosidl_typesupport_microxrcedds_test_msg:/home/rahul/microros_ws/install/rosidl_typesupport_microxrcedds_cpp_tests:/home/rahul/microros_ws/install/rmw_microxrcedds:/home/rahul/microros_ws/install/rosidl_typesupport_microxrcedds_cpp:/home/rahul/microros_ws/install/rosidl_typesupport_microxrcedds_c_tests:/home/rahul/microros_ws/install/rosidl_typesupport_microxrcedds_c:/home/rahul/microros_ws/install/rosgraph_msgs:/home/rahul/microros_ws/install/rclc_parameter:/home/rahul/microros_ws/install/rclc:/home/rahul/microros_ws/install/composition_interfaces:/home/rahul/microros_ws/install/rcl_interfaces:/home/rahul/microros_ws/install/microxrcedds_client:/home/rahul/microros_ws/install/microcdr:/home/rahul/microros_ws/install/micro_ros_utilities:/home/rahul/microros_ws/install/micro_ros_setup:/home/rahul/microros_ws/install/micro_ros_agent:/home/rahul/microros_ws/install/micro_ros_msgs:/home/rahul/microros_ws/install/lifecycle_msgs:/home/rahul/microros_ws/install/complex_msgs:/home/rahul/microros_ws/install/builtin_interfaces:/opt/ros/humble:/home/rahul/microros_ws/install/sensor_msgs_py:/home/rahul/catkin_ws/devel /usr/bin/cmake --build /home/rahul/assignment_ws/build/testbed_navigation -- -j12 -l12
[0.488s] DEBUG:colcon.colcon_core.event_handler.log_command:Invoked command in '/home/rahul/assignment_ws/build/testbed_navigation' returned '0': CMAKE_PREFIX_PATH=/home/rahul/assignment_ws/install/testbed_navigation:/home/rahul/assignment_ws/install/testbed_gazebo:/home/rahul/assignment_ws/install/testbed_description:/home/rahul/assignment_ws/install/testbed_bringup:/home/rahul/microros_ws/install/micro_ros_demos_rclc:/home/rahul/microros_ws/install/common_interfaces:/home/rahul/microros_ws/install/visualization_msgs:/home/rahul/microros_ws/install/test_msgs:/home/rahul/microros_ws/install/example_interfaces:/home/rahul/microros_ws/install/action_msgs:/home/rahul/microros_ws/install/unique_identifier_msgs:/home/rahul/microros_ws/install/trajectory_msgs:/home/rahul/microros_ws/install/stereo_msgs:/home/rahul/microros_ws/install/std_srvs:/home/rahul/microros_ws/install/shape_msgs:/home/rahul/microros_ws/install/sensor_msgs:/home/rahul/microros_ws/install/nav_msgs:/home/rahul/microros_ws/install/diagnostic_msgs:/home/rahul/microros_ws/install/geometry_msgs:/home/rahul/microros_ws/install/actionlib_msgs:/home/rahul/microros_ws/install/std_msgs:/home/rahul/microros_ws/install/statistics_msgs:/home/rahul/microros_ws/install/rosidl_typesupport_microxrcedds_test_msg:/home/rahul/microros_ws/install/rosidl_typesupport_microxrcedds_cpp_tests:/home/rahul/microros_ws/install/rmw_microxrcedds:/home/rahul/microros_ws/install/rosidl_typesupport_microxrcedds_cpp:/home/rahul/microros_ws/install/rosidl_typesupport_microxrcedds_c_tests:/home/rahul/microros_ws/install/rosidl_typesupport_microxrcedds_c:/home/rahul/microros_ws/install/rosgraph_msgs:/home/rahul/microros_ws/install/rclc_parameter:/home/rahul/microros_ws/install/rclc:/home/rahul/microros_ws/install/composition_interfaces:/home/rahul/microros_ws/install/rcl_interfaces:/home/rahul/microros_ws/install/microxrcedds_client:/home/rahul/microros_ws/install/microcdr:/home/rahul/microros_ws/install/micro_ros_utilities:/home/rahul/microros_ws/install/micro_ros_setup:/home/rahul/microros_ws/install/micro_ros_agent:/home/rahul/microros_ws/install/micro_ros_msgs:/home/rahul/microros_ws/install/lifecycle_msgs:/home/rahul/microros_ws/install/complex_msgs:/home/rahul/microros_ws/install/builtin_interfaces:/opt/ros/humble:/home/rahul/microros_ws/install/sensor_msgs_py:/home/rahul/catkin_ws/devel /usr/bin/cmake --build /home/rahul/assignment_ws/build/testbed_navigation -- -j12 -l12
[0.525s] DEBUG:colcon.colcon_core.event_handler.log_command:Invoking command in '/home/rahul/assignment_ws/build/testbed_navigation': CMAKE_PREFIX_PATH=/home/rahul/assignment_ws/install/testbed_navigation:/home/rahul/assignment_ws/install/testbed_gazebo:/home/rahul/assignment_ws/install/testbed_description:/home/rahul/assignment_ws/install/testbed_bringup:/home/rahul/microros_ws/install/micro_ros_demos_rclc:/home/rahul/microros_ws/install/common_interfaces:/home/rahul/microros_ws/install/visualization_msgs:/home/rahul/microros_ws/install/test_msgs:/home/rahul/microros_ws/install/example_interfaces:/home/rahul/microros_ws/install/action_msgs:/home/rahul/microros_ws/install/unique_identifier_msgs:/home/rahul/microros_ws/install/trajectory_msgs:/home/rahul/microros_ws/install/stereo_msgs:/home/rahul/microros_ws/install/std_srvs:/home/rahul/microros_ws/install/shape_msgs:/home/rahul/microros_ws/install/sensor_msgs:/home/rahul/microros_ws/install/nav_msgs:/home/rahul/microros_ws/install/diagnostic_msgs:/home/rahul/microros_ws/install/geometry_msgs:/home/rahul/microros_ws/install/actionlib_msgs:/home/rahul/microros_ws/install/std_msgs:/home/rahul/microros_ws/install/statistics_msgs:/home/rahul/microros_ws/install/rosidl_typesupport_microxrcedds_test_msg:/home/rahul/microros_ws/install/rosidl_typesupport_microxrcedds_cpp_tests:/home/rahul/microros_ws/install/rmw_microxrcedds:/home/rahul/microros_ws/install/rosidl_typesupport_microxrcedds_cpp:/home/rahul/microros_ws/install/rosidl_typesupport_microxrcedds_c_tests:/home/rahul/microros_ws/install/rosidl_typesupport_microxrcedds_c:/home/rahul/microros_ws/install/rosgraph_msgs:/home/rahul/microros_ws/install/rclc_parameter:/home/rahul/microros_ws/install/rclc:/home/rahul/microros_ws/install/composition_interfaces:/home/rahul/microros_ws/install/rcl_interfaces:/home/rahul/microros_ws/install/microxrcedds_client:/home/rahul/microros_ws/install/microcdr:/home/rahul/microros_ws/install/micro_ros_utilities:/home/rahul/microros_ws/install/micro_ros_setup:/home/rahul/microros_ws/install/micro_ros_agent:/home/rahul/microros_ws/install/micro_ros_msgs:/home/rahul/microros_ws/install/lifecycle_msgs:/home/rahul/microros_ws/install/complex_msgs:/home/rahul/microros_ws/install/builtin_interfaces:/opt/ros/humble:/home/rahul/microros_ws/install/sensor_msgs_py:/home/rahul/catkin_ws/devel /usr/bin/cmake --install /home/rahul/assignment_ws/build/testbed_navigation
[0.539s] Level 1:colcon.colcon_core.environment:create_environment_scripts_only(testbed_navigation)
[0.545s] DEBUG:colcon.colcon_core.event_handler.log_command:Invoked command in '/home/rahul/assignment_ws/build/testbed_navigation' returned '0': CMAKE_PREFIX_PATH=/home/rahul/assignment_ws/install/testbed_navigation:/home/rahul/assignment_ws/install/testbed_gazebo:/home/rahul/assignment_ws/install/testbed_description:/home/rahul/assignment_ws/install/testbed_bringup:/home/rahul/microros_ws/install/micro_ros_demos_rclc:/home/rahul/microros_ws/install/common_interfaces:/home/rahul/microros_ws/install/visualization_msgs:/home/rahul/microros_ws/install/test_msgs:/home/rahul/microros_ws/install/example_interfaces:/home/rahul/microros_ws/install/action_msgs:/home/rahul/microros_ws/install/unique_identifier_msgs:/home/rahul/microros_ws/install/trajectory_msgs:/home/rahul/microros_ws/install/stereo_msgs:/home/rahul/microros_ws/install/std_srvs:/home/rahul/microros_ws/install/shape_msgs:/home/rahul/microros_ws/install/sensor_msgs:/home/rahul/microros_ws/install/nav_msgs:/home/rahul/microros_ws/install/diagnostic_msgs:/home/rahul/microros_ws/install/geometry_msgs:/home/rahul/microros_ws/install/actionlib_msgs:/home/rahul/microros_ws/install/std_msgs:/home/rahul/microros_ws/install/statistics_msgs:/home/rahul/microros_ws/install/rosidl_typesupport_microxrcedds_test_msg:/home/rahul/microros_ws/install/rosidl_typesupport_microxrcedds_cpp_tests:/home/rahul/microros_ws/install/rmw_microxrcedds:/home/rahul/microros_ws/install/rosidl_typesupport_microxrcedds_cpp:/home/rahul/microros_ws/install/rosidl_typesupport_microxrcedds_c_tests:/home/rahul/microros_ws/install/rosidl_typesupport_microxrcedds_c:/home/rahul/microros_ws/install/rosgraph_msgs:/home/rahul/microros_ws/install/rclc_parameter:/home/rahul/microros_ws/install/rclc:/home/rahul/microros_ws/install/composition_interfaces:/home/rahul/microros_ws/install/rcl_interfaces:/home/rahul/microros_ws/install/microxrcedds_client:/home/rahul/microros_ws/install/microcdr:/home/rahul/microros_ws/install/micro_ros_utilities:/home/rahul/microros_ws/install/micro_ros_setup:/home/rahul/microros_ws/install/micro_ros_agent:/home/rahul/microros_ws/install/micro_ros_msgs:/home/rahul/microros_ws/install/lifecycle_msgs:/home/rahul/microros_ws/install/complex_msgs:/home/rahul/microros_ws/install/builtin_interfaces:/opt/ros/humble:/home/rahul/microros_ws/install/sensor_msgs_py:/home/rahul/catkin_ws/devel /usr/bin/cmake --install /home/rahul/assignment_ws/build/testbed_navigation
[0.548s] Level 1:colcon.colcon_core.environment:checking '/home/rahul/assignment_ws/install/testbed_navigation' for CMake module files
[0.549s] Level 1:colcon.colcon_core.environment:checking '/home/rahul/assignment_ws/install/testbed_navigation' for CMake config files
[0.550s] Level 1:colcon.colcon_core.shell:create_environment_hook('testbed_navigation', 'cmake_prefix_path')
[0.550s] INFO:colcon.colcon_core.shell:Creating environment hook '/home/rahul/assignment_ws/install/testbed_navigation/share/testbed_navigation/hook/cmake_prefix_path.ps1'
[0.552s] INFO:colcon.colcon_core.shell:Creating environment descriptor '/home/rahul/assignment_ws/install/testbed_navigation/share/testbed_navigation/hook/cmake_prefix_path.dsv'
[0.552s] INFO:colcon.colcon_core.shell:Creating environment hook '/home/rahul/assignment_ws/install/testbed_navigation/share/testbed_navigation/hook/cmake_prefix_path.sh'
[0.554s] Level 1:colcon.colcon_core.environment:checking '/home/rahul/assignment_ws/install/testbed_navigation/bin'
[0.554s] Level 1:colcon.colcon_core.environment:checking '/home/rahul/assignment_ws/install/testbed_navigation/lib/pkgconfig/testbed_navigation.pc'
[0.554s] Level 1:colcon.colcon_core.environment:checking '/home/rahul/assignment_ws/install/testbed_navigation/lib/python3.10/site-packages'
[0.555s] Level 1:colcon.colcon_core.environment:checking '/home/rahul/assignment_ws/install/testbed_navigation/bin'
[0.555s] INFO:colcon.colcon_core.shell:Creating package script '/home/rahul/assignment_ws/install/testbed_navigation/share/testbed_navigation/package.ps1'
[0.557s] INFO:colcon.colcon_core.shell:Creating package descriptor '/home/rahul/assignment_ws/install/testbed_navigation/share/testbed_navigation/package.dsv'
[0.557s] INFO:colcon.colcon_core.shell:Creating package script '/home/rahul/assignment_ws/install/testbed_navigation/share/testbed_navigation/package.sh'
[0.559s] INFO:colcon.colcon_core.shell:Creating package script '/home/rahul/assignment_ws/install/testbed_navigation/share/testbed_navigation/package.bash'
[0.560s] INFO:colcon.colcon_core.shell:Creating package script '/home/rahul/assignment_ws/install/testbed_navigation/share/testbed_navigation/package.zsh'
[0.561s] Level 1:colcon.colcon_core.environment:create_file_with_runtime_dependencies(/home/rahul/assignment_ws/install/testbed_navigation/share/colcon-core/packages/testbed_navigation)
[0.562s] Level 1:colcon.colcon_core.environment:create_environment_scripts_only(testbed_navigation)
[0.563s] Level 1:colcon.colcon_core.environment:checking '/home/rahul/assignment_ws/install/testbed_navigation' for CMake module files
[0.563s] Level 1:colcon.colcon_core.environment:checking '/home/rahul/assignment_ws/install/testbed_navigation' for CMake config files
[0.564s] Level 1:colcon.colcon_core.shell:create_environment_hook('testbed_navigation', 'cmake_prefix_path')
[0.564s] INFO:colcon.colcon_core.shell:Creating environment hook '/home/rahul/assignment_ws/install/testbed_navigation/share/testbed_navigation/hook/cmake_prefix_path.ps1'
[0.565s] INFO:colcon.colcon_core.shell:Creating environment descriptor '/home/rahul/assignment_ws/install/testbed_navigation/share/testbed_navigation/hook/cmake_prefix_path.dsv'
[0.566s] INFO:colcon.colcon_core.shell:Creating environment hook '/home/rahul/assignment_ws/install/testbed_navigation/share/testbed_navigation/hook/cmake_prefix_path.sh'
[0.567s] Level 1:colcon.colcon_core.environment:checking '/home/rahul/assignment_ws/install/testbed_navigation/bin'
[0.567s] Level 1:colcon.colcon_core.environment:checking '/home/rahul/assignment_ws/install/testbed_navigation/lib/pkgconfig/testbed_navigation.pc'
[0.567s] Level 1:colcon.colcon_core.environment:checking '/home/rahul/assignment_ws/install/testbed_navigation/lib/python3.10/site-packages'
[0.567s] Level 1:colcon.colcon_core.environment:checking '/home/rahul/assignment_ws/install/testbed_navigation/bin'
[0.568s] INFO:colcon.colcon_core.shell:Creating package script '/home/rahul/assignment_ws/install/testbed_navigation/share/testbed_navigation/package.ps1'
[0.569s] INFO:colcon.colcon_core.shell:Creating package descriptor '/home/rahul/assignment_ws/install/testbed_navigation/share/testbed_navigation/package.dsv'
[0.570s] INFO:colcon.colcon_core.shell:Creating package script '/home/rahul/assignment_ws/install/testbed_navigation/share/testbed_navigation/package.sh'
[0.570s] INFO:colcon.colcon_core.shell:Creating package script '/home/rahul/assignment_ws/install/testbed_navigation/share/testbed_navigation/package.bash'
[0.571s] INFO:colcon.colcon_core.shell:Creating package script '/home/rahul/assignment_ws/install/testbed_navigation/share/testbed_navigation/package.zsh'
[0.572s] Level 1:colcon.colcon_core.environment:create_file_with_runtime_dependencies(/home/rahul/assignment_ws/install/testbed_navigation/share/colcon-core/packages/testbed_navigation)
[0.572s] DEBUG:colcon.colcon_parallel_executor.executor.parallel:closing loop
[0.573s] DEBUG:colcon.colcon_parallel_executor.executor.parallel:loop closed
[0.573s] DEBUG:colcon.colcon_parallel_executor.executor.parallel:run_until_complete finished with '0'
[0.573s] DEBUG:colcon.colcon_core.event_reactor:joining thread
[0.585s] INFO:colcon.colcon_core.plugin_system:Skipping extension 'colcon_notification.desktop_notification.terminal_notifier': Not used on non-Darwin systems
[0.585s] INFO:colcon.colcon_core.plugin_system:Skipping extension 'colcon_notification.desktop_notification.win32': Not used on non-Windows systems
[0.585s] INFO:colcon.colcon_notification.desktop_notification:Sending desktop notification using 'notify2'
[0.607s] DEBUG:colcon.colcon_core.event_reactor:joined thread
[0.608s] INFO:colcon.colcon_core.shell:Creating prefix script '/home/rahul/assignment_ws/install/local_setup.ps1'
[0.610s] INFO:colcon.colcon_core.shell:Creating prefix util module '/home/rahul/assignment_ws/install/_local_setup_util_ps1.py'
[0.614s] INFO:colcon.colcon_core.shell:Creating prefix chain script '/home/rahul/assignment_ws/install/setup.ps1'
[0.622s] INFO:colcon.colcon_core.shell:Creating prefix script '/home/rahul/assignment_ws/install/local_setup.sh'
[0.623s] INFO:colcon.colcon_core.shell:Creating prefix util module '/home/rahul/assignment_ws/install/_local_setup_util_sh.py'
[0.625s] INFO:colcon.colcon_core.shell:Creating prefix chain script '/home/rahul/assignment_ws/install/setup.sh'
[0.632s] INFO:colcon.colcon_core.shell:Creating prefix script '/home/rahul/assignment_ws/install/local_setup.bash'
[0.633s] INFO:colcon.colcon_core.shell:Creating prefix chain script '/home/rahul/assignment_ws/install/setup.bash'
[0.641s] INFO:colcon.colcon_core.shell:Creating prefix script '/home/rahul/assignment_ws/install/local_setup.zsh'
[0.642s] INFO:colcon.colcon_core.shell:Creating prefix chain script '/home/rahul/assignment_ws/install/setup.zsh'
