[0.332s] DEBUG:colcon:Command line arguments: ['/usr/bin/colcon', 'build', '--symlink-install']
[0.332s] DEBUG:colcon:Parsed command line arguments: Namespace(log_base=None, log_level=None, verb_name='build', build_base='build', install_base='install', merge_install=False, symlink_install=True, test_result_base=None, continue_on_error=False, executor='parallel', parallel_workers=12, event_handlers=None, ignore_user_meta=False, metas=['./colcon.meta'], base_paths=['.'], packages_ignore=None, packages_ignore_regex=None, paths=None, packages_up_to=None, packages_up_to_regex=None, packages_above=None, packages_above_and_dependencies=None, packages_above_depth=None, packages_select_by_dep=None, packages_skip_by_dep=None, packages_skip_up_to=None, packages_select_build_failed=False, packages_skip_build_finished=False, packages_select_test_failures=False, packages_skip_test_passed=False, packages_select=None, packages_skip=None, packages_select_regex=None, packages_skip_regex=None, packages_start=None, packages_end=None, allow_overriding=[], cmake_args=None, cmake_target=None, cmake_target_skip_unavailable=False, cmake_clean_cache=False, cmake_clean_first=False, cmake_force_configure=False, ament_cmake_args=None, catkin_cmake_args=None, catkin_skip_building_tests=False, verb_parser=<colcon_defaults.argument_parser.defaults.DefaultArgumentsDecorator object at 0x7f4824af4b20>, verb_extension=<colcon_core.verb.build.BuildVerb object at 0x7f4824a716f0>, main=<bound method BuildVerb.main of <colcon_core.verb.build.BuildVerb object at 0x7f4824a716f0>>)
[0.749s] Level 1:colcon.colcon_core.package_discovery:discover_packages(colcon_meta) check parameters
[0.749s] Level 1:colcon.colcon_core.package_discovery:discover_packages(recursive) check parameters
[0.749s] Level 1:colcon.colcon_core.package_discovery:discover_packages(ignore) check parameters
[0.749s] Level 1:colcon.colcon_core.package_discovery:discover_packages(path) check parameters
[0.749s] Level 1:colcon.colcon_core.package_discovery:discover_packages(colcon_meta) discover
[0.749s] Level 1:colcon.colcon_core.package_discovery:discover_packages(recursive) discover
[0.749s] INFO:colcon.colcon_core.package_discovery:Crawling recursively for packages in '/home/rahul/assignment_ws'
[0.749s] Level 1:colcon.colcon_core.package_identification:_identify(.) by extensions ['ignore', 'ignore_ament_install']
[0.750s] Level 1:colcon.colcon_core.package_identification:_identify(.) by extension 'ignore'
[0.750s] Level 1:colcon.colcon_core.package_identification:_identify(.) by extension 'ignore_ament_install'
[0.750s] Level 1:colcon.colcon_core.package_identification:_identify(.) by extensions ['colcon_pkg']
[0.750s] Level 1:colcon.colcon_core.package_identification:_identify(.) by extension 'colcon_pkg'
[0.750s] Level 1:colcon.colcon_core.package_identification:_identify(.) by extensions ['colcon_meta']
[0.750s] Level 1:colcon.colcon_core.package_identification:_identify(.) by extension 'colcon_meta'
[0.750s] Level 1:colcon.colcon_core.package_identification:_identify(.) by extensions ['ros']
[0.750s] Level 1:colcon.colcon_core.package_identification:_identify(.) by extension 'ros'
[0.768s] Level 1:colcon.colcon_core.package_identification:_identify(.) by extensions ['cmake', 'python']
[0.768s] Level 1:colcon.colcon_core.package_identification:_identify(.) by extension 'cmake'
[0.768s] Level 1:colcon.colcon_core.package_identification:_identify(.) by extension 'python'
[0.768s] Level 1:colcon.colcon_core.package_identification:_identify(.) by extensions ['python_setup_py']
[0.768s] Level 1:colcon.colcon_core.package_identification:_identify(.) by extension 'python_setup_py'
[0.768s] Level 1:colcon.colcon_core.package_identification:_identify(build) by extensions ['ignore', 'ignore_ament_install']
[0.768s] Level 1:colcon.colcon_core.package_identification:_identify(build) by extension 'ignore'
[0.769s] Level 1:colcon.colcon_core.package_identification:_identify(build) ignored
[0.769s] Level 1:colcon.colcon_core.package_identification:_identify(install) by extensions ['ignore', 'ignore_ament_install']
[0.769s] Level 1:colcon.colcon_core.package_identification:_identify(install) by extension 'ignore'
[0.769s] Level 1:colcon.colcon_core.package_identification:_identify(install) ignored
[0.770s] Level 1:colcon.colcon_core.package_identification:_identify(log) by extensions ['ignore', 'ignore_ament_install']
[0.770s] Level 1:colcon.colcon_core.package_identification:_identify(log) by extension 'ignore'
[0.770s] Level 1:colcon.colcon_core.package_identification:_identify(log) ignored
[0.771s] Level 1:colcon.colcon_core.package_identification:_identify(src) by extensions ['ignore', 'ignore_ament_install']
[0.771s] Level 1:colcon.colcon_core.package_identification:_identify(src) by extension 'ignore'
[0.771s] Level 1:colcon.colcon_core.package_identification:_identify(src) by extension 'ignore_ament_install'
[0.771s] Level 1:colcon.colcon_core.package_identification:_identify(src) by extensions ['colcon_pkg']
[0.771s] Level 1:colcon.colcon_core.package_identification:_identify(src) by extension 'colcon_pkg'
[0.771s] Level 1:colcon.colcon_core.package_identification:_identify(src) by extensions ['colcon_meta']
[0.771s] Level 1:colcon.colcon_core.package_identification:_identify(src) by extension 'colcon_meta'
[0.771s] Level 1:colcon.colcon_core.package_identification:_identify(src) by extensions ['ros']
[0.771s] Level 1:colcon.colcon_core.package_identification:_identify(src) by extension 'ros'
[0.771s] Level 1:colcon.colcon_core.package_identification:_identify(src) by extensions ['cmake', 'python']
[0.771s] Level 1:colcon.colcon_core.package_identification:_identify(src) by extension 'cmake'
[0.771s] Level 1:colcon.colcon_core.package_identification:_identify(src) by extension 'python'
[0.772s] Level 1:colcon.colcon_core.package_identification:_identify(src) by extensions ['python_setup_py']
[0.772s] Level 1:colcon.colcon_core.package_identification:_identify(src) by extension 'python_setup_py'
[0.772s] Level 1:colcon.colcon_core.package_identification:_identify(src/l1-ros-internship-assignment-rahulrajak6942) by extensions ['ignore', 'ignore_ament_install']
[0.772s] Level 1:colcon.colcon_core.package_identification:_identify(src/l1-ros-internship-assignment-rahulrajak6942) by extension 'ignore'
[0.772s] Level 1:colcon.colcon_core.package_identification:_identify(src/l1-ros-internship-assignment-rahulrajak6942) by extension 'ignore_ament_install'
[0.772s] Level 1:colcon.colcon_core.package_identification:_identify(src/l1-ros-internship-assignment-rahulrajak6942) by extensions ['colcon_pkg']
[0.772s] Level 1:colcon.colcon_core.package_identification:_identify(src/l1-ros-internship-assignment-rahulrajak6942) by extension 'colcon_pkg'
[0.772s] Level 1:colcon.colcon_core.package_identification:_identify(src/l1-ros-internship-assignment-rahulrajak6942) by extensions ['colcon_meta']
[0.773s] Level 1:colcon.colcon_core.package_identification:_identify(src/l1-ros-internship-assignment-rahulrajak6942) by extension 'colcon_meta'
[0.773s] Level 1:colcon.colcon_core.package_identification:_identify(src/l1-ros-internship-assignment-rahulrajak6942) by extensions ['ros']
[0.773s] Level 1:colcon.colcon_core.package_identification:_identify(src/l1-ros-internship-assignment-rahulrajak6942) by extension 'ros'
[0.773s] Level 1:colcon.colcon_core.package_identification:_identify(src/l1-ros-internship-assignment-rahulrajak6942) by extensions ['cmake', 'python']
[0.773s] Level 1:colcon.colcon_core.package_identification:_identify(src/l1-ros-internship-assignment-rahulrajak6942) by extension 'cmake'
[0.773s] Level 1:colcon.colcon_core.package_identification:_identify(src/l1-ros-internship-assignment-rahulrajak6942) by extension 'python'
[0.773s] Level 1:colcon.colcon_core.package_identification:_identify(src/l1-ros-internship-assignment-rahulrajak6942) by extensions ['python_setup_py']
[0.773s] Level 1:colcon.colcon_core.package_identification:_identify(src/l1-ros-internship-assignment-rahulrajak6942) by extension 'python_setup_py'
[0.773s] Level 1:colcon.colcon_core.package_identification:_identify(src/l1-ros-internship-assignment-rahulrajak6942/testbed_bringup) by extensions ['ignore', 'ignore_ament_install']
[0.774s] Level 1:colcon.colcon_core.package_identification:_identify(src/l1-ros-internship-assignment-rahulrajak6942/testbed_bringup) by extension 'ignore'
[0.774s] Level 1:colcon.colcon_core.package_identification:_identify(src/l1-ros-internship-assignment-rahulrajak6942/testbed_bringup) by extension 'ignore_ament_install'
[0.774s] Level 1:colcon.colcon_core.package_identification:_identify(src/l1-ros-internship-assignment-rahulrajak6942/testbed_bringup) by extensions ['colcon_pkg']
[0.774s] Level 1:colcon.colcon_core.package_identification:_identify(src/l1-ros-internship-assignment-rahulrajak6942/testbed_bringup) by extension 'colcon_pkg'
[0.774s] Level 1:colcon.colcon_core.package_identification:_identify(src/l1-ros-internship-assignment-rahulrajak6942/testbed_bringup) by extensions ['colcon_meta']
[0.774s] Level 1:colcon.colcon_core.package_identification:_identify(src/l1-ros-internship-assignment-rahulrajak6942/testbed_bringup) by extension 'colcon_meta'
[0.774s] Level 1:colcon.colcon_core.package_identification:_identify(src/l1-ros-internship-assignment-rahulrajak6942/testbed_bringup) by extensions ['ros']
[0.774s] Level 1:colcon.colcon_core.package_identification:_identify(src/l1-ros-internship-assignment-rahulrajak6942/testbed_bringup) by extension 'ros'
[0.780s] DEBUG:colcon.colcon_core.package_identification:Package 'src/l1-ros-internship-assignment-rahulrajak6942/testbed_bringup' with type 'ros.ament_cmake' and name 'testbed_bringup'
[0.781s] Level 1:colcon.colcon_core.package_identification:_identify(src/l1-ros-internship-assignment-rahulrajak6942/testbed_description) by extensions ['ignore', 'ignore_ament_install']
[0.781s] Level 1:colcon.colcon_core.package_identification:_identify(src/l1-ros-internship-assignment-rahulrajak6942/testbed_description) by extension 'ignore'
[0.781s] Level 1:colcon.colcon_core.package_identification:_identify(src/l1-ros-internship-assignment-rahulrajak6942/testbed_description) by extension 'ignore_ament_install'
[0.781s] Level 1:colcon.colcon_core.package_identification:_identify(src/l1-ros-internship-assignment-rahulrajak6942/testbed_description) by extensions ['colcon_pkg']
[0.781s] Level 1:colcon.colcon_core.package_identification:_identify(src/l1-ros-internship-assignment-rahulrajak6942/testbed_description) by extension 'colcon_pkg'
[0.781s] Level 1:colcon.colcon_core.package_identification:_identify(src/l1-ros-internship-assignment-rahulrajak6942/testbed_description) by extensions ['colcon_meta']
[0.781s] Level 1:colcon.colcon_core.package_identification:_identify(src/l1-ros-internship-assignment-rahulrajak6942/testbed_description) by extension 'colcon_meta'
[0.781s] Level 1:colcon.colcon_core.package_identification:_identify(src/l1-ros-internship-assignment-rahulrajak6942/testbed_description) by extensions ['ros']
[0.782s] Level 1:colcon.colcon_core.package_identification:_identify(src/l1-ros-internship-assignment-rahulrajak6942/testbed_description) by extension 'ros'
[0.783s] DEBUG:colcon.colcon_core.package_identification:Package 'src/l1-ros-internship-assignment-rahulrajak6942/testbed_description' with type 'ros.ament_cmake' and name 'testbed_description'
[0.783s] Level 1:colcon.colcon_core.package_identification:_identify(src/l1-ros-internship-assignment-rahulrajak6942/testbed_gazebo) by extensions ['ignore', 'ignore_ament_install']
[0.784s] Level 1:colcon.colcon_core.package_identification:_identify(src/l1-ros-internship-assignment-rahulrajak6942/testbed_gazebo) by extension 'ignore'
[0.784s] Level 1:colcon.colcon_core.package_identification:_identify(src/l1-ros-internship-assignment-rahulrajak6942/testbed_gazebo) by extension 'ignore_ament_install'
[0.784s] Level 1:colcon.colcon_core.package_identification:_identify(src/l1-ros-internship-assignment-rahulrajak6942/testbed_gazebo) by extensions ['colcon_pkg']
[0.784s] Level 1:colcon.colcon_core.package_identification:_identify(src/l1-ros-internship-assignment-rahulrajak6942/testbed_gazebo) by extension 'colcon_pkg'
[0.784s] Level 1:colcon.colcon_core.package_identification:_identify(src/l1-ros-internship-assignment-rahulrajak6942/testbed_gazebo) by extensions ['colcon_meta']
[0.784s] Level 1:colcon.colcon_core.package_identification:_identify(src/l1-ros-internship-assignment-rahulrajak6942/testbed_gazebo) by extension 'colcon_meta'
[0.784s] Level 1:colcon.colcon_core.package_identification:_identify(src/l1-ros-internship-assignment-rahulrajak6942/testbed_gazebo) by extensions ['ros']
[0.784s] Level 1:colcon.colcon_core.package_identification:_identify(src/l1-ros-internship-assignment-rahulrajak6942/testbed_gazebo) by extension 'ros'
[0.786s] DEBUG:colcon.colcon_core.package_identification:Package 'src/l1-ros-internship-assignment-rahulrajak6942/testbed_gazebo' with type 'ros.ament_cmake' and name 'testbed_gazebo'
[0.786s] Level 1:colcon.colcon_core.package_identification:_identify(src/testbed_navigation) by extensions ['ignore', 'ignore_ament_install']
[0.786s] Level 1:colcon.colcon_core.package_identification:_identify(src/testbed_navigation) by extension 'ignore'
[0.786s] Level 1:colcon.colcon_core.package_identification:_identify(src/testbed_navigation) by extension 'ignore_ament_install'
[0.787s] Level 1:colcon.colcon_core.package_identification:_identify(src/testbed_navigation) by extensions ['colcon_pkg']
[0.787s] Level 1:colcon.colcon_core.package_identification:_identify(src/testbed_navigation) by extension 'colcon_pkg'
[0.787s] Level 1:colcon.colcon_core.package_identification:_identify(src/testbed_navigation) by extensions ['colcon_meta']
[0.787s] Level 1:colcon.colcon_core.package_identification:_identify(src/testbed_navigation) by extension 'colcon_meta'
[0.787s] Level 1:colcon.colcon_core.package_identification:_identify(src/testbed_navigation) by extensions ['ros']
[0.787s] Level 1:colcon.colcon_core.package_identification:_identify(src/testbed_navigation) by extension 'ros'
[0.793s] DEBUG:colcon.colcon_core.package_identification:Package 'src/testbed_navigation' with type 'ros.ament_cmake' and name 'testbed_navigation'
[0.794s] Level 1:colcon.colcon_core.package_discovery:discover_packages(recursive) using defaults
[0.794s] Level 1:colcon.colcon_core.package_discovery:discover_packages(ignore) discover
[0.794s] Level 1:colcon.colcon_core.package_discovery:discover_packages(ignore) using defaults
[0.794s] Level 1:colcon.colcon_core.package_discovery:discover_packages(path) discover
[0.794s] Level 1:colcon.colcon_core.package_discovery:discover_packages(path) using defaults
[0.894s] Level 1:colcon.colcon_core.package_discovery:discover_packages(prefix_path) check parameters
[0.894s] Level 1:colcon.colcon_core.package_discovery:discover_packages(prefix_path) discover
[0.910s] DEBUG:colcon.colcon_installed_package_information.package_discovery:Found 4 installed packages in /home/rahul/assignment_ws/install
[0.953s] DEBUG:colcon.colcon_installed_package_information.package_discovery:Found 39 installed packages in /home/rahul/microros_ws/install
[0.957s] DEBUG:colcon.colcon_installed_package_information.package_discovery:Found 394 installed packages in /opt/ros/humble
[0.961s] Level 1:colcon.colcon_core.package_discovery:discover_packages(prefix_path) using defaults
[1.162s] Level 5:colcon.colcon_core.verb:set package 'testbed_bringup' build argument 'cmake_args' from command line to 'None'
[1.162s] Level 5:colcon.colcon_core.verb:set package 'testbed_bringup' build argument 'cmake_target' from command line to 'None'
[1.162s] Level 5:colcon.colcon_core.verb:set package 'testbed_bringup' build argument 'cmake_target_skip_unavailable' from command line to 'False'
[1.163s] Level 5:colcon.colcon_core.verb:set package 'testbed_bringup' build argument 'cmake_clean_cache' from command line to 'False'
[1.163s] Level 5:colcon.colcon_core.verb:set package 'testbed_bringup' build argument 'cmake_clean_first' from command line to 'False'
[1.163s] Level 5:colcon.colcon_core.verb:set package 'testbed_bringup' build argument 'cmake_force_configure' from command line to 'False'
[1.163s] Level 5:colcon.colcon_core.verb:set package 'testbed_bringup' build argument 'ament_cmake_args' from command line to 'None'
[1.163s] Level 5:colcon.colcon_core.verb:set package 'testbed_bringup' build argument 'catkin_cmake_args' from command line to 'None'
[1.163s] Level 5:colcon.colcon_core.verb:set package 'testbed_bringup' build argument 'catkin_skip_building_tests' from command line to 'False'
[1.163s] DEBUG:colcon.colcon_core.verb:Building package 'testbed_bringup' with the following arguments: {'ament_cmake_args': None, 'build_base': '/home/rahul/assignment_ws/build/testbed_bringup', 'catkin_cmake_args': None, 'catkin_skip_building_tests': False, 'cmake_args': None, 'cmake_clean_cache': False, 'cmake_clean_first': False, 'cmake_force_configure': False, 'cmake_target': None, 'cmake_target_skip_unavailable': False, 'install_base': '/home/rahul/assignment_ws/install/testbed_bringup', 'merge_install': False, 'path': '/home/rahul/assignment_ws/src/l1-ros-internship-assignment-rahulrajak6942/testbed_bringup', 'symlink_install': True, 'test_result_base': None}
[1.163s] Level 5:colcon.colcon_core.verb:set package 'testbed_description' build argument 'cmake_args' from command line to 'None'
[1.163s] Level 5:colcon.colcon_core.verb:set package 'testbed_description' build argument 'cmake_target' from command line to 'None'
[1.163s] Level 5:colcon.colcon_core.verb:set package 'testbed_description' build argument 'cmake_target_skip_unavailable' from command line to 'False'
[1.163s] Level 5:colcon.colcon_core.verb:set package 'testbed_description' build argument 'cmake_clean_cache' from command line to 'False'
[1.163s] Level 5:colcon.colcon_core.verb:set package 'testbed_description' build argument 'cmake_clean_first' from command line to 'False'
[1.163s] Level 5:colcon.colcon_core.verb:set package 'testbed_description' build argument 'cmake_force_configure' from command line to 'False'
[1.163s] Level 5:colcon.colcon_core.verb:set package 'testbed_description' build argument 'ament_cmake_args' from command line to 'None'
[1.163s] Level 5:colcon.colcon_core.verb:set package 'testbed_description' build argument 'catkin_cmake_args' from command line to 'None'
[1.163s] Level 5:colcon.colcon_core.verb:set package 'testbed_description' build argument 'catkin_skip_building_tests' from command line to 'False'
[1.164s] DEBUG:colcon.colcon_core.verb:Building package 'testbed_description' with the following arguments: {'ament_cmake_args': None, 'build_base': '/home/rahul/assignment_ws/build/testbed_description', 'catkin_cmake_args': None, 'catkin_skip_building_tests': False, 'cmake_args': None, 'cmake_clean_cache': False, 'cmake_clean_first': False, 'cmake_force_configure': False, 'cmake_target': None, 'cmake_target_skip_unavailable': False, 'install_base': '/home/rahul/assignment_ws/install/testbed_description', 'merge_install': False, 'path': '/home/rahul/assignment_ws/src/l1-ros-internship-assignment-rahulrajak6942/testbed_description', 'symlink_install': True, 'test_result_base': None}
[1.164s] Level 5:colcon.colcon_core.verb:set package 'testbed_navigation' build argument 'cmake_args' from command line to 'None'
[1.164s] Level 5:colcon.colcon_core.verb:set package 'testbed_navigation' build argument 'cmake_target' from command line to 'None'
[1.164s] Level 5:colcon.colcon_core.verb:set package 'testbed_navigation' build argument 'cmake_target_skip_unavailable' from command line to 'False'
[1.164s] Level 5:colcon.colcon_core.verb:set package 'testbed_navigation' build argument 'cmake_clean_cache' from command line to 'False'
[1.164s] Level 5:colcon.colcon_core.verb:set package 'testbed_navigation' build argument 'cmake_clean_first' from command line to 'False'
[1.164s] Level 5:colcon.colcon_core.verb:set package 'testbed_navigation' build argument 'cmake_force_configure' from command line to 'False'
[1.164s] Level 5:colcon.colcon_core.verb:set package 'testbed_navigation' build argument 'ament_cmake_args' from command line to 'None'
[1.164s] Level 5:colcon.colcon_core.verb:set package 'testbed_navigation' build argument 'catkin_cmake_args' from command line to 'None'
[1.164s] Level 5:colcon.colcon_core.verb:set package 'testbed_navigation' build argument 'catkin_skip_building_tests' from command line to 'False'
[1.164s] DEBUG:colcon.colcon_core.verb:Building package 'testbed_navigation' with the following arguments: {'ament_cmake_args': None, 'build_base': '/home/rahul/assignment_ws/build/testbed_navigation', 'catkin_cmake_args': None, 'catkin_skip_building_tests': False, 'cmake_args': None, 'cmake_clean_cache': False, 'cmake_clean_first': False, 'cmake_force_configure': False, 'cmake_target': None, 'cmake_target_skip_unavailable': False, 'install_base': '/home/rahul/assignment_ws/install/testbed_navigation', 'merge_install': False, 'path': '/home/rahul/assignment_ws/src/testbed_navigation', 'symlink_install': True, 'test_result_base': None}
[1.165s] Level 5:colcon.colcon_core.verb:set package 'testbed_gazebo' build argument 'cmake_args' from command line to 'None'
[1.165s] Level 5:colcon.colcon_core.verb:set package 'testbed_gazebo' build argument 'cmake_target' from command line to 'None'
[1.165s] Level 5:colcon.colcon_core.verb:set package 'testbed_gazebo' build argument 'cmake_target_skip_unavailable' from command line to 'False'
[1.165s] Level 5:colcon.colcon_core.verb:set package 'testbed_gazebo' build argument 'cmake_clean_cache' from command line to 'False'
[1.165s] Level 5:colcon.colcon_core.verb:set package 'testbed_gazebo' build argument 'cmake_clean_first' from command line to 'False'
[1.165s] Level 5:colcon.colcon_core.verb:set package 'testbed_gazebo' build argument 'cmake_force_configure' from command line to 'False'
[1.165s] Level 5:colcon.colcon_core.verb:set package 'testbed_gazebo' build argument 'ament_cmake_args' from command line to 'None'
[1.165s] Level 5:colcon.colcon_core.verb:set package 'testbed_gazebo' build argument 'catkin_cmake_args' from command line to 'None'
[1.165s] Level 5:colcon.colcon_core.verb:set package 'testbed_gazebo' build argument 'catkin_skip_building_tests' from command line to 'False'
[1.165s] DEBUG:colcon.colcon_core.verb:Building package 'testbed_gazebo' with the following arguments: {'ament_cmake_args': None, 'build_base': '/home/rahul/assignment_ws/build/testbed_gazebo', 'catkin_cmake_args': None, 'catkin_skip_building_tests': False, 'cmake_args': None, 'cmake_clean_cache': False, 'cmake_clean_first': False, 'cmake_force_configure': False, 'cmake_target': None, 'cmake_target_skip_unavailable': False, 'install_base': '/home/rahul/assignment_ws/install/testbed_gazebo', 'merge_install': False, 'path': '/home/rahul/assignment_ws/src/l1-ros-internship-assignment-rahulrajak6942/testbed_gazebo', 'symlink_install': True, 'test_result_base': None}
[1.165s] INFO:colcon.colcon_core.executor:Executing jobs using 'parallel' executor
[1.166s] DEBUG:colcon.colcon_parallel_executor.executor.parallel:run_until_complete
[1.167s] INFO:colcon.colcon_ros.task.ament_cmake.build:Building ROS package in '/home/rahul/assignment_ws/src/l1-ros-internship-assignment-rahulrajak6942/testbed_description' with build type 'ament_cmake'
[1.167s] INFO:colcon.colcon_cmake.task.cmake.build:Building CMake package in '/home/rahul/assignment_ws/src/l1-ros-internship-assignment-rahulrajak6942/testbed_description'
[1.174s] INFO:colcon.colcon_core.plugin_system:Skipping extension 'colcon_core.shell.bat': Not used on non-Windows systems
[1.174s] INFO:colcon.colcon_core.shell:Skip shell extension 'powershell' for command environment: Not usable outside of PowerShell
[1.174s] DEBUG:colcon.colcon_core.shell:Skip shell extension 'dsv' for command environment
[1.181s] DEBUG:colcon.colcon_core.shell:Ignoring prefix path '/home/rahul/catkin_ws/devel'
[1.183s] INFO:colcon.colcon_ros.task.ament_cmake.build:Building ROS package in '/home/rahul/assignment_ws/src/l1-ros-internship-assignment-rahulrajak6942/testbed_bringup' with build type 'ament_cmake'
[1.183s] INFO:colcon.colcon_cmake.task.cmake.build:Building CMake package in '/home/rahul/assignment_ws/src/l1-ros-internship-assignment-rahulrajak6942/testbed_bringup'
[1.184s] INFO:colcon.colcon_core.shell:Skip shell extension 'powershell' for command environment: Not usable outside of PowerShell
[1.184s] DEBUG:colcon.colcon_core.shell:Skip shell extension 'dsv' for command environment
[1.192s] DEBUG:colcon.colcon_core.shell:Ignoring prefix path '/home/rahul/catkin_ws/devel'
[1.193s] INFO:colcon.colcon_ros.task.ament_cmake.build:Building ROS package in '/home/rahul/assignment_ws/src/testbed_navigation' with build type 'ament_cmake'
[1.193s] INFO:colcon.colcon_cmake.task.cmake.build:Building CMake package in '/home/rahul/assignment_ws/src/testbed_navigation'
[1.194s] INFO:colcon.colcon_core.shell:Skip shell extension 'powershell' for command environment: Not usable outside of PowerShell
[1.194s] DEBUG:colcon.colcon_core.shell:Skip shell extension 'dsv' for command environment
[1.201s] DEBUG:colcon.colcon_core.shell:Ignoring prefix path '/home/rahul/catkin_ws/devel'
[2.597s] DEBUG:colcon.colcon_core.event_handler.log_command:Invoking command in '/home/rahul/assignment_ws/build/testbed_description': CMAKE_PREFIX_PATH=/opt/ros/humble:/home/rahul/microros_ws/install/sensor_msgs_py:${CMAKE_PREFIX_PATH} /usr/bin/cmake --build /home/rahul/assignment_ws/build/testbed_description -- -j12 -l12
[2.782s] DEBUG:colcon.colcon_core.event_handler.log_command:Invoking command in '/home/rahul/assignment_ws/build/testbed_bringup': CMAKE_PREFIX_PATH=/opt/ros/humble:/home/rahul/microros_ws/install/sensor_msgs_py:${CMAKE_PREFIX_PATH} /usr/bin/cmake --build /home/rahul/assignment_ws/build/testbed_bringup -- -j12 -l12
[2.811s] DEBUG:colcon.colcon_core.event_handler.log_command:Invoking command in '/home/rahul/assignment_ws/build/testbed_navigation': CMAKE_PREFIX_PATH=/opt/ros/humble:/home/rahul/microros_ws/install/sensor_msgs_py:${CMAKE_PREFIX_PATH} /usr/bin/cmake --build /home/rahul/assignment_ws/build/testbed_navigation -- -j12 -l12
[4.903s] DEBUG:colcon.colcon_core.event_handler.log_command:Invoked command in '/home/rahul/assignment_ws/build/testbed_navigation' returned '0': CMAKE_PREFIX_PATH=/opt/ros/humble:/home/rahul/microros_ws/install/sensor_msgs_py:${CMAKE_PREFIX_PATH} /usr/bin/cmake --build /home/rahul/assignment_ws/build/testbed_navigation -- -j12 -l12
[4.975s] DEBUG:colcon.colcon_core.event_handler.log_command:Invoking command in '/home/rahul/assignment_ws/build/testbed_navigation': CMAKE_PREFIX_PATH=/opt/ros/humble:/home/rahul/microros_ws/install/sensor_msgs_py:${CMAKE_PREFIX_PATH} /usr/bin/cmake --install /home/rahul/assignment_ws/build/testbed_navigation
[4.976s] DEBUG:colcon.colcon_core.event_handler.log_command:Invoked command in '/home/rahul/assignment_ws/build/testbed_description' returned '0': CMAKE_PREFIX_PATH=/opt/ros/humble:/home/rahul/microros_ws/install/sensor_msgs_py:${CMAKE_PREFIX_PATH} /usr/bin/cmake --build /home/rahul/assignment_ws/build/testbed_description -- -j12 -l12
[4.980s] DEBUG:colcon.colcon_core.event_handler.log_command:Invoking command in '/home/rahul/assignment_ws/build/testbed_description': CMAKE_PREFIX_PATH=/opt/ros/humble:/home/rahul/microros_ws/install/sensor_msgs_py:${CMAKE_PREFIX_PATH} /usr/bin/cmake --install /home/rahul/assignment_ws/build/testbed_description
[4.981s] DEBUG:colcon.colcon_core.event_handler.log_command:Invoked command in '/home/rahul/assignment_ws/build/testbed_bringup' returned '0': CMAKE_PREFIX_PATH=/opt/ros/humble:/home/rahul/microros_ws/install/sensor_msgs_py:${CMAKE_PREFIX_PATH} /usr/bin/cmake --build /home/rahul/assignment_ws/build/testbed_bringup -- -j12 -l12
[4.986s] DEBUG:colcon.colcon_core.event_handler.log_command:Invoking command in '/home/rahul/assignment_ws/build/testbed_bringup': CMAKE_PREFIX_PATH=/opt/ros/humble:/home/rahul/microros_ws/install/sensor_msgs_py:${CMAKE_PREFIX_PATH} /usr/bin/cmake --install /home/rahul/assignment_ws/build/testbed_bringup
[5.158s] Level 1:colcon.colcon_core.environment:create_environment_scripts_only(testbed_description)
[5.160s] DEBUG:colcon.colcon_core.event_handler.log_command:Invoked command in '/home/rahul/assignment_ws/build/testbed_description' returned '0': CMAKE_PREFIX_PATH=/opt/ros/humble:/home/rahul/microros_ws/install/sensor_msgs_py:${CMAKE_PREFIX_PATH} /usr/bin/cmake --install /home/rahul/assignment_ws/build/testbed_description
[5.199s] Level 1:colcon.colcon_core.environment:checking '/home/rahul/assignment_ws/install/testbed_description' for CMake module files
[5.200s] Level 1:colcon.colcon_core.environment:checking '/home/rahul/assignment_ws/install/testbed_description' for CMake config files
[5.201s] Level 1:colcon.colcon_core.shell:create_environment_hook('testbed_description', 'cmake_prefix_path')
[5.202s] INFO:colcon.colcon_core.shell:Creating environment hook '/home/rahul/assignment_ws/install/testbed_description/share/testbed_description/hook/cmake_prefix_path.ps1'
[5.204s] INFO:colcon.colcon_core.shell:Creating environment descriptor '/home/rahul/assignment_ws/install/testbed_description/share/testbed_description/hook/cmake_prefix_path.dsv'
[5.206s] INFO:colcon.colcon_core.shell:Creating environment hook '/home/rahul/assignment_ws/install/testbed_description/share/testbed_description/hook/cmake_prefix_path.sh'
[5.208s] Level 1:colcon.colcon_core.environment:checking '/home/rahul/assignment_ws/install/testbed_description/bin'
[5.208s] Level 1:colcon.colcon_core.environment:checking '/home/rahul/assignment_ws/install/testbed_description/lib/pkgconfig/testbed_description.pc'
[5.208s] Level 1:colcon.colcon_core.environment:checking '/home/rahul/assignment_ws/install/testbed_description/lib/python3.10/site-packages'
[5.209s] Level 1:colcon.colcon_core.environment:checking '/home/rahul/assignment_ws/install/testbed_description/bin'
[5.209s] INFO:colcon.colcon_core.shell:Creating package script '/home/rahul/assignment_ws/install/testbed_description/share/testbed_description/package.ps1'
[5.211s] INFO:colcon.colcon_core.shell:Creating package descriptor '/home/rahul/assignment_ws/install/testbed_description/share/testbed_description/package.dsv'
[5.212s] INFO:colcon.colcon_core.shell:Creating package script '/home/rahul/assignment_ws/install/testbed_description/share/testbed_description/package.sh'
[5.214s] INFO:colcon.colcon_core.shell:Creating package script '/home/rahul/assignment_ws/install/testbed_description/share/testbed_description/package.bash'
[5.216s] INFO:colcon.colcon_core.shell:Creating package script '/home/rahul/assignment_ws/install/testbed_description/share/testbed_description/package.zsh'
[5.218s] Level 1:colcon.colcon_core.environment:create_file_with_runtime_dependencies(/home/rahul/assignment_ws/install/testbed_description/share/colcon-core/packages/testbed_description)
[5.220s] Level 1:colcon.colcon_core.environment:create_environment_scripts_only(testbed_description)
[5.220s] Level 1:colcon.colcon_core.environment:checking '/home/rahul/assignment_ws/install/testbed_description' for CMake module files
[5.221s] Level 1:colcon.colcon_core.environment:checking '/home/rahul/assignment_ws/install/testbed_description' for CMake config files
[5.222s] Level 1:colcon.colcon_core.shell:create_environment_hook('testbed_description', 'cmake_prefix_path')
[5.222s] INFO:colcon.colcon_core.shell:Creating environment hook '/home/rahul/assignment_ws/install/testbed_description/share/testbed_description/hook/cmake_prefix_path.ps1'
[5.223s] INFO:colcon.colcon_core.shell:Creating environment descriptor '/home/rahul/assignment_ws/install/testbed_description/share/testbed_description/hook/cmake_prefix_path.dsv'
[5.224s] INFO:colcon.colcon_core.shell:Creating environment hook '/home/rahul/assignment_ws/install/testbed_description/share/testbed_description/hook/cmake_prefix_path.sh'
[5.225s] Level 1:colcon.colcon_core.environment:checking '/home/rahul/assignment_ws/install/testbed_description/bin'
[5.225s] Level 1:colcon.colcon_core.environment:checking '/home/rahul/assignment_ws/install/testbed_description/lib/pkgconfig/testbed_description.pc'
[5.225s] Level 1:colcon.colcon_core.environment:checking '/home/rahul/assignment_ws/install/testbed_description/lib/python3.10/site-packages'
[5.226s] Level 1:colcon.colcon_core.environment:checking '/home/rahul/assignment_ws/install/testbed_description/bin'
[5.226s] INFO:colcon.colcon_core.shell:Creating package script '/home/rahul/assignment_ws/install/testbed_description/share/testbed_description/package.ps1'
[5.227s] INFO:colcon.colcon_core.shell:Creating package descriptor '/home/rahul/assignment_ws/install/testbed_description/share/testbed_description/package.dsv'
[5.228s] INFO:colcon.colcon_core.shell:Creating package script '/home/rahul/assignment_ws/install/testbed_description/share/testbed_description/package.sh'
[5.229s] INFO:colcon.colcon_core.shell:Creating package script '/home/rahul/assignment_ws/install/testbed_description/share/testbed_description/package.bash'
[5.230s] INFO:colcon.colcon_core.shell:Creating package script '/home/rahul/assignment_ws/install/testbed_description/share/testbed_description/package.zsh'
[5.230s] Level 1:colcon.colcon_core.environment:create_file_with_runtime_dependencies(/home/rahul/assignment_ws/install/testbed_description/share/colcon-core/packages/testbed_description)
[5.232s] INFO:colcon.colcon_ros.task.ament_cmake.build:Building ROS package in '/home/rahul/assignment_ws/src/l1-ros-internship-assignment-rahulrajak6942/testbed_gazebo' with build type 'ament_cmake'
[5.233s] INFO:colcon.colcon_cmake.task.cmake.build:Building CMake package in '/home/rahul/assignment_ws/src/l1-ros-internship-assignment-rahulrajak6942/testbed_gazebo'
[5.233s] INFO:colcon.colcon_core.shell:Skip shell extension 'powershell' for command environment: Not usable outside of PowerShell
[5.234s] DEBUG:colcon.colcon_core.shell:Skip shell extension 'dsv' for command environment
[5.294s] DEBUG:colcon.colcon_core.shell:Ignoring prefix path '/home/rahul/catkin_ws/devel'
[5.298s] Level 1:colcon.colcon_core.environment:create_environment_scripts_only(testbed_bringup)
[5.298s] Level 1:colcon.colcon_core.environment:checking '/home/rahul/assignment_ws/install/testbed_bringup' for CMake module files
[5.299s] DEBUG:colcon.colcon_core.event_handler.log_command:Invoked command in '/home/rahul/assignment_ws/build/testbed_bringup' returned '0': CMAKE_PREFIX_PATH=/opt/ros/humble:/home/rahul/microros_ws/install/sensor_msgs_py:${CMAKE_PREFIX_PATH} /usr/bin/cmake --install /home/rahul/assignment_ws/build/testbed_bringup
[5.300s] Level 1:colcon.colcon_core.environment:checking '/home/rahul/assignment_ws/install/testbed_bringup' for CMake config files
[5.300s] Level 1:colcon.colcon_core.shell:create_environment_hook('testbed_bringup', 'cmake_prefix_path')
[5.301s] INFO:colcon.colcon_core.shell:Creating environment hook '/home/rahul/assignment_ws/install/testbed_bringup/share/testbed_bringup/hook/cmake_prefix_path.ps1'
[5.302s] INFO:colcon.colcon_core.shell:Creating environment descriptor '/home/rahul/assignment_ws/install/testbed_bringup/share/testbed_bringup/hook/cmake_prefix_path.dsv'
[5.302s] INFO:colcon.colcon_core.shell:Creating environment hook '/home/rahul/assignment_ws/install/testbed_bringup/share/testbed_bringup/hook/cmake_prefix_path.sh'
[5.303s] Level 1:colcon.colcon_core.environment:checking '/home/rahul/assignment_ws/install/testbed_bringup/bin'
[5.303s] Level 1:colcon.colcon_core.environment:checking '/home/rahul/assignment_ws/install/testbed_bringup/lib/pkgconfig/testbed_bringup.pc'
[5.304s] Level 1:colcon.colcon_core.environment:checking '/home/rahul/assignment_ws/install/testbed_bringup/lib/python3.10/site-packages'
[5.304s] Level 1:colcon.colcon_core.environment:checking '/home/rahul/assignment_ws/install/testbed_bringup/bin'
[5.305s] INFO:colcon.colcon_core.shell:Creating package script '/home/rahul/assignment_ws/install/testbed_bringup/share/testbed_bringup/package.ps1'
[5.306s] INFO:colcon.colcon_core.shell:Creating package descriptor '/home/rahul/assignment_ws/install/testbed_bringup/share/testbed_bringup/package.dsv'
[5.306s] INFO:colcon.colcon_core.shell:Creating package script '/home/rahul/assignment_ws/install/testbed_bringup/share/testbed_bringup/package.sh'
[5.307s] INFO:colcon.colcon_core.shell:Creating package script '/home/rahul/assignment_ws/install/testbed_bringup/share/testbed_bringup/package.bash'
[5.308s] INFO:colcon.colcon_core.shell:Creating package script '/home/rahul/assignment_ws/install/testbed_bringup/share/testbed_bringup/package.zsh'
[5.308s] Level 1:colcon.colcon_core.environment:create_file_with_runtime_dependencies(/home/rahul/assignment_ws/install/testbed_bringup/share/colcon-core/packages/testbed_bringup)
[5.309s] Level 1:colcon.colcon_core.environment:create_environment_scripts_only(testbed_bringup)
[5.310s] Level 1:colcon.colcon_core.environment:checking '/home/rahul/assignment_ws/install/testbed_bringup' for CMake module files
[5.311s] Level 1:colcon.colcon_core.environment:checking '/home/rahul/assignment_ws/install/testbed_bringup' for CMake config files
[5.311s] Level 1:colcon.colcon_core.shell:create_environment_hook('testbed_bringup', 'cmake_prefix_path')
[5.312s] INFO:colcon.colcon_core.shell:Creating environment hook '/home/rahul/assignment_ws/install/testbed_bringup/share/testbed_bringup/hook/cmake_prefix_path.ps1'
[5.314s] INFO:colcon.colcon_core.shell:Creating environment descriptor '/home/rahul/assignment_ws/install/testbed_bringup/share/testbed_bringup/hook/cmake_prefix_path.dsv'
[5.315s] INFO:colcon.colcon_core.shell:Creating environment hook '/home/rahul/assignment_ws/install/testbed_bringup/share/testbed_bringup/hook/cmake_prefix_path.sh'
[5.316s] Level 1:colcon.colcon_core.environment:checking '/home/rahul/assignment_ws/install/testbed_bringup/bin'
[5.316s] Level 1:colcon.colcon_core.environment:checking '/home/rahul/assignment_ws/install/testbed_bringup/lib/pkgconfig/testbed_bringup.pc'
[5.317s] Level 1:colcon.colcon_core.environment:checking '/home/rahul/assignment_ws/install/testbed_bringup/lib/python3.10/site-packages'
[5.317s] Level 1:colcon.colcon_core.environment:checking '/home/rahul/assignment_ws/install/testbed_bringup/bin'
[5.318s] INFO:colcon.colcon_core.shell:Creating package script '/home/rahul/assignment_ws/install/testbed_bringup/share/testbed_bringup/package.ps1'
[5.319s] INFO:colcon.colcon_core.shell:Creating package descriptor '/home/rahul/assignment_ws/install/testbed_bringup/share/testbed_bringup/package.dsv'
[5.321s] INFO:colcon.colcon_core.shell:Creating package script '/home/rahul/assignment_ws/install/testbed_bringup/share/testbed_bringup/package.sh'
[5.322s] INFO:colcon.colcon_core.shell:Creating package script '/home/rahul/assignment_ws/install/testbed_bringup/share/testbed_bringup/package.bash'
[5.323s] INFO:colcon.colcon_core.shell:Creating package script '/home/rahul/assignment_ws/install/testbed_bringup/share/testbed_bringup/package.zsh'
[5.323s] Level 1:colcon.colcon_core.environment:create_file_with_runtime_dependencies(/home/rahul/assignment_ws/install/testbed_bringup/share/colcon-core/packages/testbed_bringup)
[5.326s] Level 1:colcon.colcon_core.environment:create_environment_scripts_only(testbed_navigation)
[5.327s] Level 1:colcon.colcon_core.environment:checking '/home/rahul/assignment_ws/install/testbed_navigation' for CMake module files
[5.328s] DEBUG:colcon.colcon_core.event_handler.log_command:Invoked command in '/home/rahul/assignment_ws/build/testbed_navigation' returned '0': CMAKE_PREFIX_PATH=/opt/ros/humble:/home/rahul/microros_ws/install/sensor_msgs_py:${CMAKE_PREFIX_PATH} /usr/bin/cmake --install /home/rahul/assignment_ws/build/testbed_navigation
[5.329s] Level 1:colcon.colcon_core.environment:checking '/home/rahul/assignment_ws/install/testbed_navigation' for CMake config files
[5.330s] Level 1:colcon.colcon_core.shell:create_environment_hook('testbed_navigation', 'cmake_prefix_path')
[5.331s] INFO:colcon.colcon_core.shell:Creating environment hook '/home/rahul/assignment_ws/install/testbed_navigation/share/testbed_navigation/hook/cmake_prefix_path.ps1'
[5.332s] INFO:colcon.colcon_core.shell:Creating environment descriptor '/home/rahul/assignment_ws/install/testbed_navigation/share/testbed_navigation/hook/cmake_prefix_path.dsv'
[5.333s] INFO:colcon.colcon_core.shell:Creating environment hook '/home/rahul/assignment_ws/install/testbed_navigation/share/testbed_navigation/hook/cmake_prefix_path.sh'
[5.334s] Level 1:colcon.colcon_core.environment:checking '/home/rahul/assignment_ws/install/testbed_navigation/bin'
[5.334s] Level 1:colcon.colcon_core.environment:checking '/home/rahul/assignment_ws/install/testbed_navigation/lib/pkgconfig/testbed_navigation.pc'
[5.334s] Level 1:colcon.colcon_core.environment:checking '/home/rahul/assignment_ws/install/testbed_navigation/lib/python3.10/site-packages'
[5.335s] Level 1:colcon.colcon_core.environment:checking '/home/rahul/assignment_ws/install/testbed_navigation/bin'
[5.335s] INFO:colcon.colcon_core.shell:Creating package script '/home/rahul/assignment_ws/install/testbed_navigation/share/testbed_navigation/package.ps1'
[5.336s] INFO:colcon.colcon_core.shell:Creating package descriptor '/home/rahul/assignment_ws/install/testbed_navigation/share/testbed_navigation/package.dsv'
[5.337s] INFO:colcon.colcon_core.shell:Creating package script '/home/rahul/assignment_ws/install/testbed_navigation/share/testbed_navigation/package.sh'
[5.337s] INFO:colcon.colcon_core.shell:Creating package script '/home/rahul/assignment_ws/install/testbed_navigation/share/testbed_navigation/package.bash'
[5.338s] INFO:colcon.colcon_core.shell:Creating package script '/home/rahul/assignment_ws/install/testbed_navigation/share/testbed_navigation/package.zsh'
[5.339s] Level 1:colcon.colcon_core.environment:create_file_with_runtime_dependencies(/home/rahul/assignment_ws/install/testbed_navigation/share/colcon-core/packages/testbed_navigation)
[5.339s] Level 1:colcon.colcon_core.environment:create_environment_scripts_only(testbed_navigation)
[5.340s] Level 1:colcon.colcon_core.environment:checking '/home/rahul/assignment_ws/install/testbed_navigation' for CMake module files
[5.341s] Level 1:colcon.colcon_core.environment:checking '/home/rahul/assignment_ws/install/testbed_navigation' for CMake config files
[5.341s] Level 1:colcon.colcon_core.shell:create_environment_hook('testbed_navigation', 'cmake_prefix_path')
[5.342s] INFO:colcon.colcon_core.shell:Creating environment hook '/home/rahul/assignment_ws/install/testbed_navigation/share/testbed_navigation/hook/cmake_prefix_path.ps1'
[5.343s] INFO:colcon.colcon_core.shell:Creating environment descriptor '/home/rahul/assignment_ws/install/testbed_navigation/share/testbed_navigation/hook/cmake_prefix_path.dsv'
[5.344s] INFO:colcon.colcon_core.shell:Creating environment hook '/home/rahul/assignment_ws/install/testbed_navigation/share/testbed_navigation/hook/cmake_prefix_path.sh'
[5.345s] Level 1:colcon.colcon_core.environment:checking '/home/rahul/assignment_ws/install/testbed_navigation/bin'
[5.345s] Level 1:colcon.colcon_core.environment:checking '/home/rahul/assignment_ws/install/testbed_navigation/lib/pkgconfig/testbed_navigation.pc'
[5.346s] Level 1:colcon.colcon_core.environment:checking '/home/rahul/assignment_ws/install/testbed_navigation/lib/python3.10/site-packages'
[5.346s] Level 1:colcon.colcon_core.environment:checking '/home/rahul/assignment_ws/install/testbed_navigation/bin'
[5.348s] INFO:colcon.colcon_core.shell:Creating package script '/home/rahul/assignment_ws/install/testbed_navigation/share/testbed_navigation/package.ps1'
[5.349s] INFO:colcon.colcon_core.shell:Creating package descriptor '/home/rahul/assignment_ws/install/testbed_navigation/share/testbed_navigation/package.dsv'
[5.351s] INFO:colcon.colcon_core.shell:Creating package script '/home/rahul/assignment_ws/install/testbed_navigation/share/testbed_navigation/package.sh'
[5.352s] INFO:colcon.colcon_core.shell:Creating package script '/home/rahul/assignment_ws/install/testbed_navigation/share/testbed_navigation/package.bash'
[5.353s] INFO:colcon.colcon_core.shell:Creating package script '/home/rahul/assignment_ws/install/testbed_navigation/share/testbed_navigation/package.zsh'
[5.354s] Level 1:colcon.colcon_core.environment:create_file_with_runtime_dependencies(/home/rahul/assignment_ws/install/testbed_navigation/share/colcon-core/packages/testbed_navigation)
[5.662s] DEBUG:colcon.colcon_core.event_handler.log_command:Invoking command in '/home/rahul/assignment_ws/build/testbed_gazebo': CMAKE_PREFIX_PATH=/home/rahul/assignment_ws/install/testbed_description:/opt/ros/humble:/home/rahul/microros_ws/install/sensor_msgs_py:/home/rahul/catkin_ws/devel:/home/rahul/assignment_ws/install/testbed_navigation:/home/rahul/assignment_ws/install/testbed_gazebo:/home/rahul/assignment_ws/install/testbed_bringup:/home/rahul/microros_ws/install/micro_ros_demos_rclc:/home/rahul/microros_ws/install/common_interfaces:/home/rahul/microros_ws/install/visualization_msgs:/home/rahul/microros_ws/install/test_msgs:/home/rahul/microros_ws/install/example_interfaces:/home/rahul/microros_ws/install/action_msgs:/home/rahul/microros_ws/install/unique_identifier_msgs:/home/rahul/microros_ws/install/trajectory_msgs:/home/rahul/microros_ws/install/stereo_msgs:/home/rahul/microros_ws/install/std_srvs:/home/rahul/microros_ws/install/shape_msgs:/home/rahul/microros_ws/install/sensor_msgs:/home/rahul/microros_ws/install/nav_msgs:/home/rahul/microros_ws/install/diagnostic_msgs:/home/rahul/microros_ws/install/geometry_msgs:/home/rahul/microros_ws/install/actionlib_msgs:/home/rahul/microros_ws/install/std_msgs:/home/rahul/microros_ws/install/statistics_msgs:/home/rahul/microros_ws/install/rosidl_typesupport_microxrcedds_test_msg:/home/rahul/microros_ws/install/rosidl_typesupport_microxrcedds_cpp_tests:/home/rahul/microros_ws/install/rmw_microxrcedds:/home/rahul/microros_ws/install/rosidl_typesupport_microxrcedds_cpp:/home/rahul/microros_ws/install/rosidl_typesupport_microxrcedds_c_tests:/home/rahul/microros_ws/install/rosidl_typesupport_microxrcedds_c:/home/rahul/microros_ws/install/rosgraph_msgs:/home/rahul/microros_ws/install/rclc_parameter:/home/rahul/microros_ws/install/rclc:/home/rahul/microros_ws/install/composition_interfaces:/home/rahul/microros_ws/install/rcl_interfaces:/home/rahul/microros_ws/install/microxrcedds_client:/home/rahul/microros_ws/install/microcdr:/home/rahul/microros_ws/install/micro_ros_utilities:/home/rahul/microros_ws/install/micro_ros_setup:/home/rahul/microros_ws/install/micro_ros_agent:/home/rahul/microros_ws/install/micro_ros_msgs:/home/rahul/microros_ws/install/lifecycle_msgs:/home/rahul/microros_ws/install/complex_msgs:/home/rahul/microros_ws/install/builtin_interfaces /usr/bin/cmake --build /home/rahul/assignment_ws/build/testbed_gazebo -- -j12 -l12
[6.629s] DEBUG:colcon.colcon_core.event_handler.log_command:Invoked command in '/home/rahul/assignment_ws/build/testbed_gazebo' returned '0': CMAKE_PREFIX_PATH=/home/rahul/assignment_ws/install/testbed_description:/opt/ros/humble:/home/rahul/microros_ws/install/sensor_msgs_py:/home/rahul/catkin_ws/devel:/home/rahul/assignment_ws/install/testbed_navigation:/home/rahul/assignment_ws/install/testbed_gazebo:/home/rahul/assignment_ws/install/testbed_bringup:/home/rahul/microros_ws/install/micro_ros_demos_rclc:/home/rahul/microros_ws/install/common_interfaces:/home/rahul/microros_ws/install/visualization_msgs:/home/rahul/microros_ws/install/test_msgs:/home/rahul/microros_ws/install/example_interfaces:/home/rahul/microros_ws/install/action_msgs:/home/rahul/microros_ws/install/unique_identifier_msgs:/home/rahul/microros_ws/install/trajectory_msgs:/home/rahul/microros_ws/install/stereo_msgs:/home/rahul/microros_ws/install/std_srvs:/home/rahul/microros_ws/install/shape_msgs:/home/rahul/microros_ws/install/sensor_msgs:/home/rahul/microros_ws/install/nav_msgs:/home/rahul/microros_ws/install/diagnostic_msgs:/home/rahul/microros_ws/install/geometry_msgs:/home/rahul/microros_ws/install/actionlib_msgs:/home/rahul/microros_ws/install/std_msgs:/home/rahul/microros_ws/install/statistics_msgs:/home/rahul/microros_ws/install/rosidl_typesupport_microxrcedds_test_msg:/home/rahul/microros_ws/install/rosidl_typesupport_microxrcedds_cpp_tests:/home/rahul/microros_ws/install/rmw_microxrcedds:/home/rahul/microros_ws/install/rosidl_typesupport_microxrcedds_cpp:/home/rahul/microros_ws/install/rosidl_typesupport_microxrcedds_c_tests:/home/rahul/microros_ws/install/rosidl_typesupport_microxrcedds_c:/home/rahul/microros_ws/install/rosgraph_msgs:/home/rahul/microros_ws/install/rclc_parameter:/home/rahul/microros_ws/install/rclc:/home/rahul/microros_ws/install/composition_interfaces:/home/rahul/microros_ws/install/rcl_interfaces:/home/rahul/microros_ws/install/microxrcedds_client:/home/rahul/microros_ws/install/microcdr:/home/rahul/microros_ws/install/micro_ros_utilities:/home/rahul/microros_ws/install/micro_ros_setup:/home/rahul/microros_ws/install/micro_ros_agent:/home/rahul/microros_ws/install/micro_ros_msgs:/home/rahul/microros_ws/install/lifecycle_msgs:/home/rahul/microros_ws/install/complex_msgs:/home/rahul/microros_ws/install/builtin_interfaces /usr/bin/cmake --build /home/rahul/assignment_ws/build/testbed_gazebo -- -j12 -l12
[6.636s] DEBUG:colcon.colcon_core.event_handler.log_command:Invoking command in '/home/rahul/assignment_ws/build/testbed_gazebo': CMAKE_PREFIX_PATH=/home/rahul/assignment_ws/install/testbed_description:/opt/ros/humble:/home/rahul/microros_ws/install/sensor_msgs_py:/home/rahul/catkin_ws/devel:/home/rahul/assignment_ws/install/testbed_navigation:/home/rahul/assignment_ws/install/testbed_gazebo:/home/rahul/assignment_ws/install/testbed_bringup:/home/rahul/microros_ws/install/micro_ros_demos_rclc:/home/rahul/microros_ws/install/common_interfaces:/home/rahul/microros_ws/install/visualization_msgs:/home/rahul/microros_ws/install/test_msgs:/home/rahul/microros_ws/install/example_interfaces:/home/rahul/microros_ws/install/action_msgs:/home/rahul/microros_ws/install/unique_identifier_msgs:/home/rahul/microros_ws/install/trajectory_msgs:/home/rahul/microros_ws/install/stereo_msgs:/home/rahul/microros_ws/install/std_srvs:/home/rahul/microros_ws/install/shape_msgs:/home/rahul/microros_ws/install/sensor_msgs:/home/rahul/microros_ws/install/nav_msgs:/home/rahul/microros_ws/install/diagnostic_msgs:/home/rahul/microros_ws/install/geometry_msgs:/home/rahul/microros_ws/install/actionlib_msgs:/home/rahul/microros_ws/install/std_msgs:/home/rahul/microros_ws/install/statistics_msgs:/home/rahul/microros_ws/install/rosidl_typesupport_microxrcedds_test_msg:/home/rahul/microros_ws/install/rosidl_typesupport_microxrcedds_cpp_tests:/home/rahul/microros_ws/install/rmw_microxrcedds:/home/rahul/microros_ws/install/rosidl_typesupport_microxrcedds_cpp:/home/rahul/microros_ws/install/rosidl_typesupport_microxrcedds_c_tests:/home/rahul/microros_ws/install/rosidl_typesupport_microxrcedds_c:/home/rahul/microros_ws/install/rosgraph_msgs:/home/rahul/microros_ws/install/rclc_parameter:/home/rahul/microros_ws/install/rclc:/home/rahul/microros_ws/install/composition_interfaces:/home/rahul/microros_ws/install/rcl_interfaces:/home/rahul/microros_ws/install/microxrcedds_client:/home/rahul/microros_ws/install/microcdr:/home/rahul/microros_ws/install/micro_ros_utilities:/home/rahul/microros_ws/install/micro_ros_setup:/home/rahul/microros_ws/install/micro_ros_agent:/home/rahul/microros_ws/install/micro_ros_msgs:/home/rahul/microros_ws/install/lifecycle_msgs:/home/rahul/microros_ws/install/complex_msgs:/home/rahul/microros_ws/install/builtin_interfaces /usr/bin/cmake --install /home/rahul/assignment_ws/build/testbed_gazebo
[6.743s] Level 1:colcon.colcon_core.environment:create_environment_scripts_only(testbed_gazebo)
[6.744s] Level 1:colcon.colcon_core.environment:checking '/home/rahul/assignment_ws/install/testbed_gazebo' for CMake module files
[6.745s] DEBUG:colcon.colcon_core.event_handler.log_command:Invoked command in '/home/rahul/assignment_ws/build/testbed_gazebo' returned '0': CMAKE_PREFIX_PATH=/home/rahul/assignment_ws/install/testbed_description:/opt/ros/humble:/home/rahul/microros_ws/install/sensor_msgs_py:/home/rahul/catkin_ws/devel:/home/rahul/assignment_ws/install/testbed_navigation:/home/rahul/assignment_ws/install/testbed_gazebo:/home/rahul/assignment_ws/install/testbed_bringup:/home/rahul/microros_ws/install/micro_ros_demos_rclc:/home/rahul/microros_ws/install/common_interfaces:/home/rahul/microros_ws/install/visualization_msgs:/home/rahul/microros_ws/install/test_msgs:/home/rahul/microros_ws/install/example_interfaces:/home/rahul/microros_ws/install/action_msgs:/home/rahul/microros_ws/install/unique_identifier_msgs:/home/rahul/microros_ws/install/trajectory_msgs:/home/rahul/microros_ws/install/stereo_msgs:/home/rahul/microros_ws/install/std_srvs:/home/rahul/microros_ws/install/shape_msgs:/home/rahul/microros_ws/install/sensor_msgs:/home/rahul/microros_ws/install/nav_msgs:/home/rahul/microros_ws/install/diagnostic_msgs:/home/rahul/microros_ws/install/geometry_msgs:/home/rahul/microros_ws/install/actionlib_msgs:/home/rahul/microros_ws/install/std_msgs:/home/rahul/microros_ws/install/statistics_msgs:/home/rahul/microros_ws/install/rosidl_typesupport_microxrcedds_test_msg:/home/rahul/microros_ws/install/rosidl_typesupport_microxrcedds_cpp_tests:/home/rahul/microros_ws/install/rmw_microxrcedds:/home/rahul/microros_ws/install/rosidl_typesupport_microxrcedds_cpp:/home/rahul/microros_ws/install/rosidl_typesupport_microxrcedds_c_tests:/home/rahul/microros_ws/install/rosidl_typesupport_microxrcedds_c:/home/rahul/microros_ws/install/rosgraph_msgs:/home/rahul/microros_ws/install/rclc_parameter:/home/rahul/microros_ws/install/rclc:/home/rahul/microros_ws/install/composition_interfaces:/home/rahul/microros_ws/install/rcl_interfaces:/home/rahul/microros_ws/install/microxrcedds_client:/home/rahul/microros_ws/install/microcdr:/home/rahul/microros_ws/install/micro_ros_utilities:/home/rahul/microros_ws/install/micro_ros_setup:/home/rahul/microros_ws/install/micro_ros_agent:/home/rahul/microros_ws/install/micro_ros_msgs:/home/rahul/microros_ws/install/lifecycle_msgs:/home/rahul/microros_ws/install/complex_msgs:/home/rahul/microros_ws/install/builtin_interfaces /usr/bin/cmake --install /home/rahul/assignment_ws/build/testbed_gazebo
[6.745s] Level 1:colcon.colcon_core.environment:checking '/home/rahul/assignment_ws/install/testbed_gazebo' for CMake config files
[6.747s] Level 1:colcon.colcon_core.shell:create_environment_hook('testbed_gazebo', 'cmake_prefix_path')
[6.747s] INFO:colcon.colcon_core.shell:Creating environment hook '/home/rahul/assignment_ws/install/testbed_gazebo/share/testbed_gazebo/hook/cmake_prefix_path.ps1'
[6.751s] INFO:colcon.colcon_core.shell:Creating environment descriptor '/home/rahul/assignment_ws/install/testbed_gazebo/share/testbed_gazebo/hook/cmake_prefix_path.dsv'
[6.753s] INFO:colcon.colcon_core.shell:Creating environment hook '/home/rahul/assignment_ws/install/testbed_gazebo/share/testbed_gazebo/hook/cmake_prefix_path.sh'
[6.756s] Level 1:colcon.colcon_core.environment:checking '/home/rahul/assignment_ws/install/testbed_gazebo/bin'
[6.756s] Level 1:colcon.colcon_core.environment:checking '/home/rahul/assignment_ws/install/testbed_gazebo/lib/pkgconfig/testbed_gazebo.pc'
[6.756s] Level 1:colcon.colcon_core.environment:checking '/home/rahul/assignment_ws/install/testbed_gazebo/lib/python3.10/site-packages'
[6.756s] Level 1:colcon.colcon_core.environment:checking '/home/rahul/assignment_ws/install/testbed_gazebo/bin'
[6.757s] INFO:colcon.colcon_core.shell:Creating package script '/home/rahul/assignment_ws/install/testbed_gazebo/share/testbed_gazebo/package.ps1'
[6.759s] INFO:colcon.colcon_core.shell:Creating package descriptor '/home/rahul/assignment_ws/install/testbed_gazebo/share/testbed_gazebo/package.dsv'
[6.760s] INFO:colcon.colcon_core.shell:Creating package script '/home/rahul/assignment_ws/install/testbed_gazebo/share/testbed_gazebo/package.sh'
[6.761s] INFO:colcon.colcon_core.shell:Creating package script '/home/rahul/assignment_ws/install/testbed_gazebo/share/testbed_gazebo/package.bash'
[6.763s] INFO:colcon.colcon_core.shell:Creating package script '/home/rahul/assignment_ws/install/testbed_gazebo/share/testbed_gazebo/package.zsh'
[6.765s] Level 1:colcon.colcon_core.environment:create_file_with_runtime_dependencies(/home/rahul/assignment_ws/install/testbed_gazebo/share/colcon-core/packages/testbed_gazebo)
[6.766s] Level 1:colcon.colcon_core.environment:create_environment_scripts_only(testbed_gazebo)
[6.767s] Level 1:colcon.colcon_core.environment:checking '/home/rahul/assignment_ws/install/testbed_gazebo' for CMake module files
[6.767s] Level 1:colcon.colcon_core.environment:checking '/home/rahul/assignment_ws/install/testbed_gazebo' for CMake config files
[6.768s] Level 1:colcon.colcon_core.shell:create_environment_hook('testbed_gazebo', 'cmake_prefix_path')
[6.768s] INFO:colcon.colcon_core.shell:Creating environment hook '/home/rahul/assignment_ws/install/testbed_gazebo/share/testbed_gazebo/hook/cmake_prefix_path.ps1'
[6.769s] INFO:colcon.colcon_core.shell:Creating environment descriptor '/home/rahul/assignment_ws/install/testbed_gazebo/share/testbed_gazebo/hook/cmake_prefix_path.dsv'
[6.769s] INFO:colcon.colcon_core.shell:Creating environment hook '/home/rahul/assignment_ws/install/testbed_gazebo/share/testbed_gazebo/hook/cmake_prefix_path.sh'
[6.770s] Level 1:colcon.colcon_core.environment:checking '/home/rahul/assignment_ws/install/testbed_gazebo/bin'
[6.770s] Level 1:colcon.colcon_core.environment:checking '/home/rahul/assignment_ws/install/testbed_gazebo/lib/pkgconfig/testbed_gazebo.pc'
[6.771s] Level 1:colcon.colcon_core.environment:checking '/home/rahul/assignment_ws/install/testbed_gazebo/lib/python3.10/site-packages'
[6.771s] Level 1:colcon.colcon_core.environment:checking '/home/rahul/assignment_ws/install/testbed_gazebo/bin'
[6.771s] INFO:colcon.colcon_core.shell:Creating package script '/home/rahul/assignment_ws/install/testbed_gazebo/share/testbed_gazebo/package.ps1'
[6.772s] INFO:colcon.colcon_core.shell:Creating package descriptor '/home/rahul/assignment_ws/install/testbed_gazebo/share/testbed_gazebo/package.dsv'
[6.773s] INFO:colcon.colcon_core.shell:Creating package script '/home/rahul/assignment_ws/install/testbed_gazebo/share/testbed_gazebo/package.sh'
[6.774s] INFO:colcon.colcon_core.shell:Creating package script '/home/rahul/assignment_ws/install/testbed_gazebo/share/testbed_gazebo/package.bash'
[6.774s] INFO:colcon.colcon_core.shell:Creating package script '/home/rahul/assignment_ws/install/testbed_gazebo/share/testbed_gazebo/package.zsh'
[6.775s] Level 1:colcon.colcon_core.environment:create_file_with_runtime_dependencies(/home/rahul/assignment_ws/install/testbed_gazebo/share/colcon-core/packages/testbed_gazebo)
[6.775s] DEBUG:colcon.colcon_parallel_executor.executor.parallel:closing loop
[6.776s] DEBUG:colcon.colcon_parallel_executor.executor.parallel:loop closed
[6.776s] DEBUG:colcon.colcon_parallel_executor.executor.parallel:run_until_complete finished with '0'
[6.777s] DEBUG:colcon.colcon_core.event_reactor:joining thread
[6.852s] INFO:colcon.colcon_core.plugin_system:Skipping extension 'colcon_notification.desktop_notification.terminal_notifier': Not used on non-Darwin systems
[6.852s] INFO:colcon.colcon_core.plugin_system:Skipping extension 'colcon_notification.desktop_notification.win32': Not used on non-Windows systems
[6.852s] INFO:colcon.colcon_notification.desktop_notification:Sending desktop notification using 'notify2'
[6.929s] DEBUG:colcon.colcon_core.event_reactor:joined thread
[6.930s] INFO:colcon.colcon_core.shell:Creating prefix script '/home/rahul/assignment_ws/install/local_setup.ps1'
[6.933s] INFO:colcon.colcon_core.shell:Creating prefix util module '/home/rahul/assignment_ws/install/_local_setup_util_ps1.py'
[6.936s] INFO:colcon.colcon_core.shell:Creating prefix chain script '/home/rahul/assignment_ws/install/setup.ps1'
[6.946s] INFO:colcon.colcon_core.shell:Creating prefix script '/home/rahul/assignment_ws/install/local_setup.sh'
[6.948s] INFO:colcon.colcon_core.shell:Creating prefix util module '/home/rahul/assignment_ws/install/_local_setup_util_sh.py'
[6.950s] INFO:colcon.colcon_core.shell:Creating prefix chain script '/home/rahul/assignment_ws/install/setup.sh'
[6.956s] INFO:colcon.colcon_core.shell:Creating prefix script '/home/rahul/assignment_ws/install/local_setup.bash'
[6.958s] INFO:colcon.colcon_core.shell:Creating prefix chain script '/home/rahul/assignment_ws/install/setup.bash'
[6.964s] INFO:colcon.colcon_core.shell:Creating prefix script '/home/rahul/assignment_ws/install/local_setup.zsh'
[6.965s] INFO:colcon.colcon_core.shell:Creating prefix chain script '/home/rahul/assignment_ws/install/setup.zsh'
