[0.109s] DEBUG:colcon:Command line arguments: ['/usr/bin/colcon', 'build', '--packages-select', 'testbed_navigation']
[0.109s] DEBUG:colcon:Parsed command line arguments: Namespace(log_base=None, log_level=None, verb_name='build', build_base='build', install_base='install', merge_install=False, symlink_install=False, test_result_base=None, continue_on_error=False, executor='parallel', parallel_workers=12, event_handlers=None, ignore_user_meta=False, metas=['./colcon.meta'], base_paths=['.'], packages_ignore=None, packages_ignore_regex=None, paths=None, packages_up_to=None, packages_up_to_regex=None, packages_above=None, packages_above_and_dependencies=None, packages_above_depth=None, packages_select_by_dep=None, packages_skip_by_dep=None, packages_skip_up_to=None, packages_select_build_failed=False, packages_skip_build_finished=False, packages_select_test_failures=False, packages_skip_test_passed=False, packages_select=['testbed_navigation'], packages_skip=None, packages_select_regex=None, packages_skip_regex=None, packages_start=None, packages_end=None, allow_overriding=[], cmake_args=None, cmake_target=None, cmake_target_skip_unavailable=False, cmake_clean_cache=False, cmake_clean_first=False, cmake_force_configure=False, ament_cmake_args=None, catkin_cmake_args=None, catkin_skip_building_tests=False, verb_parser=<colcon_defaults.argument_parser.defaults.DefaultArgumentsDecorator object at 0x7f46e90b0520>, verb_extension=<colcon_core.verb.build.BuildVerb object at 0x7f46e902d120>, main=<bound method BuildVerb.main of <colcon_core.verb.build.BuildVerb object at 0x7f46e902d120>>)
[0.268s] Level 1:colcon.colcon_core.package_discovery:discover_packages(colcon_meta) check parameters
[0.268s] Level 1:colcon.colcon_core.package_discovery:discover_packages(recursive) check parameters
[0.268s] Level 1:colcon.colcon_core.package_discovery:discover_packages(ignore) check parameters
[0.268s] Level 1:colcon.colcon_core.package_discovery:discover_packages(path) check parameters
[0.268s] Level 1:colcon.colcon_core.package_discovery:discover_packages(colcon_meta) discover
[0.268s] Level 1:colcon.colcon_core.package_discovery:discover_packages(recursive) discover
[0.269s] INFO:colcon.colcon_core.package_discovery:Crawling recursively for packages in '/home/rahul/assignment_ws'
[0.269s] Level 1:colcon.colcon_core.package_identification:_identify(.) by extensions ['ignore', 'ignore_ament_install']
[0.269s] Level 1:colcon.colcon_core.package_identification:_identify(.) by extension 'ignore'
[0.269s] Level 1:colcon.colcon_core.package_identification:_identify(.) by extension 'ignore_ament_install'
[0.269s] Level 1:colcon.colcon_core.package_identification:_identify(.) by extensions ['colcon_pkg']
[0.269s] Level 1:colcon.colcon_core.package_identification:_identify(.) by extension 'colcon_pkg'
[0.269s] Level 1:colcon.colcon_core.package_identification:_identify(.) by extensions ['colcon_meta']
[0.269s] Level 1:colcon.colcon_core.package_identification:_identify(.) by extension 'colcon_meta'
[0.269s] Level 1:colcon.colcon_core.package_identification:_identify(.) by extensions ['ros']
[0.269s] Level 1:colcon.colcon_core.package_identification:_identify(.) by extension 'ros'
[0.278s] Level 1:colcon.colcon_core.package_identification:_identify(.) by extensions ['cmake', 'python']
[0.278s] Level 1:colcon.colcon_core.package_identification:_identify(.) by extension 'cmake'
[0.278s] Level 1:colcon.colcon_core.package_identification:_identify(.) by extension 'python'
[0.278s] Level 1:colcon.colcon_core.package_identification:_identify(.) by extensions ['python_setup_py']
[0.278s] Level 1:colcon.colcon_core.package_identification:_identify(.) by extension 'python_setup_py'
[0.278s] Level 1:colcon.colcon_core.package_identification:_identify(build) by extensions ['ignore', 'ignore_ament_install']
[0.278s] Level 1:colcon.colcon_core.package_identification:_identify(build) by extension 'ignore'
[0.278s] Level 1:colcon.colcon_core.package_identification:_identify(build) ignored
[0.278s] Level 1:colcon.colcon_core.package_identification:_identify(install) by extensions ['ignore', 'ignore_ament_install']
[0.279s] Level 1:colcon.colcon_core.package_identification:_identify(install) by extension 'ignore'
[0.279s] Level 1:colcon.colcon_core.package_identification:_identify(install) ignored
[0.279s] Level 1:colcon.colcon_core.package_identification:_identify(log) by extensions ['ignore', 'ignore_ament_install']
[0.279s] Level 1:colcon.colcon_core.package_identification:_identify(log) by extension 'ignore'
[0.279s] Level 1:colcon.colcon_core.package_identification:_identify(log) ignored
[0.279s] Level 1:colcon.colcon_core.package_identification:_identify(src) by extensions ['ignore', 'ignore_ament_install']
[0.279s] Level 1:colcon.colcon_core.package_identification:_identify(src) by extension 'ignore'
[0.279s] Level 1:colcon.colcon_core.package_identification:_identify(src) by extension 'ignore_ament_install'
[0.279s] Level 1:colcon.colcon_core.package_identification:_identify(src) by extensions ['colcon_pkg']
[0.279s] Level 1:colcon.colcon_core.package_identification:_identify(src) by extension 'colcon_pkg'
[0.279s] Level 1:colcon.colcon_core.package_identification:_identify(src) by extensions ['colcon_meta']
[0.279s] Level 1:colcon.colcon_core.package_identification:_identify(src) by extension 'colcon_meta'
[0.279s] Level 1:colcon.colcon_core.package_identification:_identify(src) by extensions ['ros']
[0.279s] Level 1:colcon.colcon_core.package_identification:_identify(src) by extension 'ros'
[0.279s] Level 1:colcon.colcon_core.package_identification:_identify(src) by extensions ['cmake', 'python']
[0.279s] Level 1:colcon.colcon_core.package_identification:_identify(src) by extension 'cmake'
[0.279s] Level 1:colcon.colcon_core.package_identification:_identify(src) by extension 'python'
[0.279s] Level 1:colcon.colcon_core.package_identification:_identify(src) by extensions ['python_setup_py']
[0.279s] Level 1:colcon.colcon_core.package_identification:_identify(src) by extension 'python_setup_py'
[0.279s] Level 1:colcon.colcon_core.package_identification:_identify(src/l1-ros-internship-assignment-rahulrajak6942) by extensions ['ignore', 'ignore_ament_install']
[0.279s] Level 1:colcon.colcon_core.package_identification:_identify(src/l1-ros-internship-assignment-rahulrajak6942) by extension 'ignore'
[0.279s] Level 1:colcon.colcon_core.package_identification:_identify(src/l1-ros-internship-assignment-rahulrajak6942) by extension 'ignore_ament_install'
[0.280s] Level 1:colcon.colcon_core.package_identification:_identify(src/l1-ros-internship-assignment-rahulrajak6942) by extensions ['colcon_pkg']
[0.280s] Level 1:colcon.colcon_core.package_identification:_identify(src/l1-ros-internship-assignment-rahulrajak6942) by extension 'colcon_pkg'
[0.280s] Level 1:colcon.colcon_core.package_identification:_identify(src/l1-ros-internship-assignment-rahulrajak6942) by extensions ['colcon_meta']
[0.280s] Level 1:colcon.colcon_core.package_identification:_identify(src/l1-ros-internship-assignment-rahulrajak6942) by extension 'colcon_meta'
[0.280s] Level 1:colcon.colcon_core.package_identification:_identify(src/l1-ros-internship-assignment-rahulrajak6942) by extensions ['ros']
[0.280s] Level 1:colcon.colcon_core.package_identification:_identify(src/l1-ros-internship-assignment-rahulrajak6942) by extension 'ros'
[0.280s] Level 1:colcon.colcon_core.package_identification:_identify(src/l1-ros-internship-assignment-rahulrajak6942) by extensions ['cmake', 'python']
[0.280s] Level 1:colcon.colcon_core.package_identification:_identify(src/l1-ros-internship-assignment-rahulrajak6942) by extension 'cmake'
[0.280s] Level 1:colcon.colcon_core.package_identification:_identify(src/l1-ros-internship-assignment-rahulrajak6942) by extension 'python'
[0.280s] Level 1:colcon.colcon_core.package_identification:_identify(src/l1-ros-internship-assignment-rahulrajak6942) by extensions ['python_setup_py']
[0.280s] Level 1:colcon.colcon_core.package_identification:_identify(src/l1-ros-internship-assignment-rahulrajak6942) by extension 'python_setup_py'
[0.280s] Level 1:colcon.colcon_core.package_identification:_identify(src/l1-ros-internship-assignment-rahulrajak6942/testbed_bringup) by extensions ['ignore', 'ignore_ament_install']
[0.280s] Level 1:colcon.colcon_core.package_identification:_identify(src/l1-ros-internship-assignment-rahulrajak6942/testbed_bringup) by extension 'ignore'
[0.280s] Level 1:colcon.colcon_core.package_identification:_identify(src/l1-ros-internship-assignment-rahulrajak6942/testbed_bringup) by extension 'ignore_ament_install'
[0.280s] Level 1:colcon.colcon_core.package_identification:_identify(src/l1-ros-internship-assignment-rahulrajak6942/testbed_bringup) by extensions ['colcon_pkg']
[0.280s] Level 1:colcon.colcon_core.package_identification:_identify(src/l1-ros-internship-assignment-rahulrajak6942/testbed_bringup) by extension 'colcon_pkg'
[0.280s] Level 1:colcon.colcon_core.package_identification:_identify(src/l1-ros-internship-assignment-rahulrajak6942/testbed_bringup) by extensions ['colcon_meta']
[0.280s] Level 1:colcon.colcon_core.package_identification:_identify(src/l1-ros-internship-assignment-rahulrajak6942/testbed_bringup) by extension 'colcon_meta'
[0.280s] Level 1:colcon.colcon_core.package_identification:_identify(src/l1-ros-internship-assignment-rahulrajak6942/testbed_bringup) by extensions ['ros']
[0.280s] Level 1:colcon.colcon_core.package_identification:_identify(src/l1-ros-internship-assignment-rahulrajak6942/testbed_bringup) by extension 'ros'
[0.283s] DEBUG:colcon.colcon_core.package_identification:Package 'src/l1-ros-internship-assignment-rahulrajak6942/testbed_bringup' with type 'ros.ament_cmake' and name 'testbed_bringup'
[0.283s] Level 1:colcon.colcon_core.package_identification:_identify(src/l1-ros-internship-assignment-rahulrajak6942/testbed_description) by extensions ['ignore', 'ignore_ament_install']
[0.283s] Level 1:colcon.colcon_core.package_identification:_identify(src/l1-ros-internship-assignment-rahulrajak6942/testbed_description) by extension 'ignore'
[0.283s] Level 1:colcon.colcon_core.package_identification:_identify(src/l1-ros-internship-assignment-rahulrajak6942/testbed_description) by extension 'ignore_ament_install'
[0.283s] Level 1:colcon.colcon_core.package_identification:_identify(src/l1-ros-internship-assignment-rahulrajak6942/testbed_description) by extensions ['colcon_pkg']
[0.283s] Level 1:colcon.colcon_core.package_identification:_identify(src/l1-ros-internship-assignment-rahulrajak6942/testbed_description) by extension 'colcon_pkg'
[0.283s] Level 1:colcon.colcon_core.package_identification:_identify(src/l1-ros-internship-assignment-rahulrajak6942/testbed_description) by extensions ['colcon_meta']
[0.283s] Level 1:colcon.colcon_core.package_identification:_identify(src/l1-ros-internship-assignment-rahulrajak6942/testbed_description) by extension 'colcon_meta'
[0.283s] Level 1:colcon.colcon_core.package_identification:_identify(src/l1-ros-internship-assignment-rahulrajak6942/testbed_description) by extensions ['ros']
[0.283s] Level 1:colcon.colcon_core.package_identification:_identify(src/l1-ros-internship-assignment-rahulrajak6942/testbed_description) by extension 'ros'
[0.284s] DEBUG:colcon.colcon_core.package_identification:Package 'src/l1-ros-internship-assignment-rahulrajak6942/testbed_description' with type 'ros.ament_cmake' and name 'testbed_description'
[0.284s] Level 1:colcon.colcon_core.package_identification:_identify(src/l1-ros-internship-assignment-rahulrajak6942/testbed_gazebo) by extensions ['ignore', 'ignore_ament_install']
[0.284s] Level 1:colcon.colcon_core.package_identification:_identify(src/l1-ros-internship-assignment-rahulrajak6942/testbed_gazebo) by extension 'ignore'
[0.284s] Level 1:colcon.colcon_core.package_identification:_identify(src/l1-ros-internship-assignment-rahulrajak6942/testbed_gazebo) by extension 'ignore_ament_install'
[0.284s] Level 1:colcon.colcon_core.package_identification:_identify(src/l1-ros-internship-assignment-rahulrajak6942/testbed_gazebo) by extensions ['colcon_pkg']
[0.284s] Level 1:colcon.colcon_core.package_identification:_identify(src/l1-ros-internship-assignment-rahulrajak6942/testbed_gazebo) by extension 'colcon_pkg'
[0.284s] Level 1:colcon.colcon_core.package_identification:_identify(src/l1-ros-internship-assignment-rahulrajak6942/testbed_gazebo) by extensions ['colcon_meta']
[0.284s] Level 1:colcon.colcon_core.package_identification:_identify(src/l1-ros-internship-assignment-rahulrajak6942/testbed_gazebo) by extension 'colcon_meta'
[0.284s] Level 1:colcon.colcon_core.package_identification:_identify(src/l1-ros-internship-assignment-rahulrajak6942/testbed_gazebo) by extensions ['ros']
[0.284s] Level 1:colcon.colcon_core.package_identification:_identify(src/l1-ros-internship-assignment-rahulrajak6942/testbed_gazebo) by extension 'ros'
[0.285s] DEBUG:colcon.colcon_core.package_identification:Package 'src/l1-ros-internship-assignment-rahulrajak6942/testbed_gazebo' with type 'ros.ament_cmake' and name 'testbed_gazebo'
[0.285s] Level 1:colcon.colcon_core.package_identification:_identify(src/testbed_navigation) by extensions ['ignore', 'ignore_ament_install']
[0.285s] Level 1:colcon.colcon_core.package_identification:_identify(src/testbed_navigation) by extension 'ignore'
[0.285s] Level 1:colcon.colcon_core.package_identification:_identify(src/testbed_navigation) by extension 'ignore_ament_install'
[0.285s] Level 1:colcon.colcon_core.package_identification:_identify(src/testbed_navigation) by extensions ['colcon_pkg']
[0.285s] Level 1:colcon.colcon_core.package_identification:_identify(src/testbed_navigation) by extension 'colcon_pkg'
[0.285s] Level 1:colcon.colcon_core.package_identification:_identify(src/testbed_navigation) by extensions ['colcon_meta']
[0.285s] Level 1:colcon.colcon_core.package_identification:_identify(src/testbed_navigation) by extension 'colcon_meta'
[0.285s] Level 1:colcon.colcon_core.package_identification:_identify(src/testbed_navigation) by extensions ['ros']
[0.285s] Level 1:colcon.colcon_core.package_identification:_identify(src/testbed_navigation) by extension 'ros'
[0.287s] DEBUG:colcon.colcon_core.package_identification:Package 'src/testbed_navigation' with type 'ros.ament_cmake' and name 'testbed_navigation'
[0.287s] Level 1:colcon.colcon_core.package_discovery:discover_packages(recursive) using defaults
[0.287s] Level 1:colcon.colcon_core.package_discovery:discover_packages(ignore) discover
[0.287s] Level 1:colcon.colcon_core.package_discovery:discover_packages(ignore) using defaults
[0.287s] Level 1:colcon.colcon_core.package_discovery:discover_packages(path) discover
[0.287s] Level 1:colcon.colcon_core.package_discovery:discover_packages(path) using defaults
[0.317s] INFO:colcon.colcon_core.package_selection:Skipping not selected package 'testbed_bringup' in 'src/l1-ros-internship-assignment-rahulrajak6942/testbed_bringup'
[0.317s] INFO:colcon.colcon_core.package_selection:Skipping not selected package 'testbed_description' in 'src/l1-ros-internship-assignment-rahulrajak6942/testbed_description'
[0.317s] INFO:colcon.colcon_core.package_selection:Skipping not selected package 'testbed_gazebo' in 'src/l1-ros-internship-assignment-rahulrajak6942/testbed_gazebo'
[0.318s] Level 1:colcon.colcon_core.package_discovery:discover_packages(prefix_path) check parameters
[0.318s] Level 1:colcon.colcon_core.package_discovery:discover_packages(prefix_path) discover
[0.320s] DEBUG:colcon.colcon_installed_package_information.package_discovery:Found 0 installed packages in /home/rahul/assignment_ws/install
[0.321s] DEBUG:colcon.colcon_installed_package_information.package_discovery:Found 39 installed packages in /home/rahul/microros_ws/install
[0.323s] DEBUG:colcon.colcon_installed_package_information.package_discovery:Found 369 installed packages in /opt/ros/humble
[0.326s] Level 1:colcon.colcon_core.package_discovery:discover_packages(prefix_path) using defaults
[0.366s] Level 5:colcon.colcon_core.verb:set package 'testbed_navigation' build argument 'cmake_args' from command line to 'None'
[0.366s] Level 5:colcon.colcon_core.verb:set package 'testbed_navigation' build argument 'cmake_target' from command line to 'None'
[0.366s] Level 5:colcon.colcon_core.verb:set package 'testbed_navigation' build argument 'cmake_target_skip_unavailable' from command line to 'False'
[0.366s] Level 5:colcon.colcon_core.verb:set package 'testbed_navigation' build argument 'cmake_clean_cache' from command line to 'False'
[0.366s] Level 5:colcon.colcon_core.verb:set package 'testbed_navigation' build argument 'cmake_clean_first' from command line to 'False'
[0.366s] Level 5:colcon.colcon_core.verb:set package 'testbed_navigation' build argument 'cmake_force_configure' from command line to 'False'
[0.366s] Level 5:colcon.colcon_core.verb:set package 'testbed_navigation' build argument 'ament_cmake_args' from command line to 'None'
[0.366s] Level 5:colcon.colcon_core.verb:set package 'testbed_navigation' build argument 'catkin_cmake_args' from command line to 'None'
[0.366s] Level 5:colcon.colcon_core.verb:set package 'testbed_navigation' build argument 'catkin_skip_building_tests' from command line to 'False'
[0.366s] DEBUG:colcon.colcon_core.verb:Building package 'testbed_navigation' with the following arguments: {'ament_cmake_args': None, 'build_base': '/home/rahul/assignment_ws/build/testbed_navigation', 'catkin_cmake_args': None, 'catkin_skip_building_tests': False, 'cmake_args': None, 'cmake_clean_cache': False, 'cmake_clean_first': False, 'cmake_force_configure': False, 'cmake_target': None, 'cmake_target_skip_unavailable': False, 'install_base': '/home/rahul/assignment_ws/install/testbed_navigation', 'merge_install': False, 'path': '/home/rahul/assignment_ws/src/testbed_navigation', 'symlink_install': False, 'test_result_base': None}
[0.366s] INFO:colcon.colcon_core.executor:Executing jobs using 'parallel' executor
[0.367s] DEBUG:colcon.colcon_parallel_executor.executor.parallel:run_until_complete
[0.367s] INFO:colcon.colcon_ros.task.ament_cmake.build:Building ROS package in '/home/rahul/assignment_ws/src/testbed_navigation' with build type 'ament_cmake'
[0.367s] INFO:colcon.colcon_cmake.task.cmake.build:Building CMake package in '/home/rahul/assignment_ws/src/testbed_navigation'
[0.378s] INFO:colcon.colcon_core.plugin_system:Skipping extension 'colcon_core.shell.bat': Not used on non-Windows systems
[0.379s] INFO:colcon.colcon_core.shell:Skip shell extension 'powershell' for command environment: Not usable outside of PowerShell
[0.379s] DEBUG:colcon.colcon_core.shell:Skip shell extension 'dsv' for command environment
[0.384s] DEBUG:colcon.colcon_core.shell:Ignoring prefix path '/home/rahul/catkin_ws/devel'
[0.398s] DEBUG:colcon.colcon_core.event_handler.log_command:Invoking command in '/home/rahul/assignment_ws/build/testbed_navigation': CMAKE_PREFIX_PATH=/home/rahul/microros_ws/install/micro_ros_demos_rclc:/home/rahul/microros_ws/install/common_interfaces:/home/rahul/microros_ws/install/visualization_msgs:/home/rahul/microros_ws/install/test_msgs:/home/rahul/microros_ws/install/example_interfaces:/home/rahul/microros_ws/install/action_msgs:/home/rahul/microros_ws/install/unique_identifier_msgs:/home/rahul/microros_ws/install/trajectory_msgs:/home/rahul/microros_ws/install/stereo_msgs:/home/rahul/microros_ws/install/std_srvs:/home/rahul/microros_ws/install/shape_msgs:/home/rahul/microros_ws/install/sensor_msgs:/home/rahul/microros_ws/install/nav_msgs:/home/rahul/microros_ws/install/diagnostic_msgs:/home/rahul/microros_ws/install/geometry_msgs:/home/rahul/microros_ws/install/actionlib_msgs:/home/rahul/microros_ws/install/std_msgs:/home/rahul/microros_ws/install/statistics_msgs:/home/rahul/microros_ws/install/rosidl_typesupport_microxrcedds_test_msg:/home/rahul/microros_ws/install/rosidl_typesupport_microxrcedds_cpp_tests:/home/rahul/microros_ws/install/rmw_microxrcedds:/home/rahul/microros_ws/install/rosidl_typesupport_microxrcedds_cpp:/home/rahul/microros_ws/install/rosidl_typesupport_microxrcedds_c_tests:/home/rahul/microros_ws/install/rosidl_typesupport_microxrcedds_c:/home/rahul/microros_ws/install/rosgraph_msgs:/home/rahul/microros_ws/install/rclc_parameter:/home/rahul/microros_ws/install/rclc:/home/rahul/microros_ws/install/composition_interfaces:/home/rahul/microros_ws/install/rcl_interfaces:/home/rahul/microros_ws/install/microxrcedds_client:/home/rahul/microros_ws/install/microcdr:/home/rahul/microros_ws/install/micro_ros_utilities:/home/rahul/microros_ws/install/micro_ros_setup:/home/rahul/microros_ws/install/micro_ros_agent:/home/rahul/microros_ws/install/micro_ros_msgs:/home/rahul/microros_ws/install/lifecycle_msgs:/home/rahul/microros_ws/install/complex_msgs:/home/rahul/microros_ws/install/builtin_interfaces:/opt/ros/humble:/home/rahul/microros_ws/install/sensor_msgs_py:/home/rahul/catkin_ws/devel /usr/bin/cmake /home/rahul/assignment_ws/src/testbed_navigation -DCMAKE_INSTALL_PREFIX=/home/rahul/assignment_ws/install/testbed_navigation
[3.061s] DEBUG:colcon.colcon_core.event_handler.log_command:Invoked command in '/home/rahul/assignment_ws/build/testbed_navigation' returned '1': CMAKE_PREFIX_PATH=/home/rahul/microros_ws/install/micro_ros_demos_rclc:/home/rahul/microros_ws/install/common_interfaces:/home/rahul/microros_ws/install/visualization_msgs:/home/rahul/microros_ws/install/test_msgs:/home/rahul/microros_ws/install/example_interfaces:/home/rahul/microros_ws/install/action_msgs:/home/rahul/microros_ws/install/unique_identifier_msgs:/home/rahul/microros_ws/install/trajectory_msgs:/home/rahul/microros_ws/install/stereo_msgs:/home/rahul/microros_ws/install/std_srvs:/home/rahul/microros_ws/install/shape_msgs:/home/rahul/microros_ws/install/sensor_msgs:/home/rahul/microros_ws/install/nav_msgs:/home/rahul/microros_ws/install/diagnostic_msgs:/home/rahul/microros_ws/install/geometry_msgs:/home/rahul/microros_ws/install/actionlib_msgs:/home/rahul/microros_ws/install/std_msgs:/home/rahul/microros_ws/install/statistics_msgs:/home/rahul/microros_ws/install/rosidl_typesupport_microxrcedds_test_msg:/home/rahul/microros_ws/install/rosidl_typesupport_microxrcedds_cpp_tests:/home/rahul/microros_ws/install/rmw_microxrcedds:/home/rahul/microros_ws/install/rosidl_typesupport_microxrcedds_cpp:/home/rahul/microros_ws/install/rosidl_typesupport_microxrcedds_c_tests:/home/rahul/microros_ws/install/rosidl_typesupport_microxrcedds_c:/home/rahul/microros_ws/install/rosgraph_msgs:/home/rahul/microros_ws/install/rclc_parameter:/home/rahul/microros_ws/install/rclc:/home/rahul/microros_ws/install/composition_interfaces:/home/rahul/microros_ws/install/rcl_interfaces:/home/rahul/microros_ws/install/microxrcedds_client:/home/rahul/microros_ws/install/microcdr:/home/rahul/microros_ws/install/micro_ros_utilities:/home/rahul/microros_ws/install/micro_ros_setup:/home/rahul/microros_ws/install/micro_ros_agent:/home/rahul/microros_ws/install/micro_ros_msgs:/home/rahul/microros_ws/install/lifecycle_msgs:/home/rahul/microros_ws/install/complex_msgs:/home/rahul/microros_ws/install/builtin_interfaces:/opt/ros/humble:/home/rahul/microros_ws/install/sensor_msgs_py:/home/rahul/catkin_ws/devel /usr/bin/cmake /home/rahul/assignment_ws/src/testbed_navigation -DCMAKE_INSTALL_PREFIX=/home/rahul/assignment_ws/install/testbed_navigation
[3.110s] Level 1:colcon.colcon_core.environment:create_environment_scripts_only(testbed_navigation)
[3.115s] Level 1:colcon.colcon_core.environment:checking '/home/rahul/assignment_ws/install/testbed_navigation' for CMake module files
[3.116s] Level 1:colcon.colcon_core.environment:checking '/home/rahul/assignment_ws/install/testbed_navigation' for CMake config files
[3.116s] Level 1:colcon.colcon_core.environment:checking '/home/rahul/assignment_ws/install/testbed_navigation/bin'
[3.116s] Level 1:colcon.colcon_core.environment:checking '/home/rahul/assignment_ws/install/testbed_navigation/lib/pkgconfig/testbed_navigation.pc'
[3.117s] Level 1:colcon.colcon_core.environment:checking '/home/rahul/assignment_ws/install/testbed_navigation/lib/python3.10/site-packages'
[3.117s] Level 1:colcon.colcon_core.environment:checking '/home/rahul/assignment_ws/install/testbed_navigation/bin'
[3.118s] INFO:colcon.colcon_core.shell:Creating package script '/home/rahul/assignment_ws/install/testbed_navigation/share/testbed_navigation/package.ps1'
[3.120s] INFO:colcon.colcon_core.shell:Creating package descriptor '/home/rahul/assignment_ws/install/testbed_navigation/share/testbed_navigation/package.dsv'
[3.121s] INFO:colcon.colcon_core.shell:Creating package script '/home/rahul/assignment_ws/install/testbed_navigation/share/testbed_navigation/package.sh'
[3.122s] INFO:colcon.colcon_core.shell:Creating package script '/home/rahul/assignment_ws/install/testbed_navigation/share/testbed_navigation/package.bash'
[3.123s] INFO:colcon.colcon_core.shell:Creating package script '/home/rahul/assignment_ws/install/testbed_navigation/share/testbed_navigation/package.zsh'
[3.125s] Level 1:colcon.colcon_core.environment:create_file_with_runtime_dependencies(/home/rahul/assignment_ws/install/testbed_navigation/share/colcon-core/packages/testbed_navigation)
[3.135s] DEBUG:colcon.colcon_parallel_executor.executor.parallel:closing loop
[3.136s] DEBUG:colcon.colcon_parallel_executor.executor.parallel:loop closed
[3.136s] DEBUG:colcon.colcon_parallel_executor.executor.parallel:run_until_complete finished with '1'
[3.136s] DEBUG:colcon.colcon_core.event_reactor:joining thread
[3.142s] INFO:colcon.colcon_core.plugin_system:Skipping extension 'colcon_notification.desktop_notification.terminal_notifier': Not used on non-Darwin systems
[3.142s] INFO:colcon.colcon_core.plugin_system:Skipping extension 'colcon_notification.desktop_notification.win32': Not used on non-Windows systems
[3.142s] INFO:colcon.colcon_notification.desktop_notification:Sending desktop notification using 'notify2'
[3.159s] DEBUG:colcon.colcon_core.event_reactor:joined thread
[3.160s] INFO:colcon.colcon_core.shell:Creating prefix script '/home/rahul/assignment_ws/install/local_setup.ps1'
[3.161s] INFO:colcon.colcon_core.shell:Creating prefix util module '/home/rahul/assignment_ws/install/_local_setup_util_ps1.py'
[3.162s] INFO:colcon.colcon_core.shell:Creating prefix chain script '/home/rahul/assignment_ws/install/setup.ps1'
[3.166s] INFO:colcon.colcon_core.shell:Creating prefix script '/home/rahul/assignment_ws/install/local_setup.sh'
[3.166s] INFO:colcon.colcon_core.shell:Creating prefix util module '/home/rahul/assignment_ws/install/_local_setup_util_sh.py'
[3.166s] INFO:colcon.colcon_core.shell:Creating prefix chain script '/home/rahul/assignment_ws/install/setup.sh'
[3.170s] INFO:colcon.colcon_core.shell:Creating prefix script '/home/rahul/assignment_ws/install/local_setup.bash'
[3.171s] INFO:colcon.colcon_core.shell:Creating prefix chain script '/home/rahul/assignment_ws/install/setup.bash'
[3.173s] INFO:colcon.colcon_core.shell:Creating prefix script '/home/rahul/assignment_ws/install/local_setup.zsh'
[3.173s] INFO:colcon.colcon_core.shell:Creating prefix chain script '/home/rahul/assignment_ws/install/setup.zsh'
